2025-06-24T14:12:49.021-03:00  WARN 22534 --- [libraryapi] [main] com.zaxxer.hikari.HikariConfig           : library-api-pool - idleTimeout is close to or more than maxLifetime, disabling it.
2025-06-24T14:12:52.137-03:00  WARN 22534 --- [libraryapi] [main] JpaBaseConfiguration$JpaWebConfiguration : spring.jpa.open-in-view is enabled by default. Therefore, database queries may be performed during view rendering. Explicitly configure spring.jpa.open-in-view to disable this warning
2025-06-24T14:13:37.058-03:00  WARN 22793 --- [libraryapi] [main] com.zaxxer.hikari.HikariConfig           : library-api-pool - idleTimeout is close to or more than maxLifetime, disabling it.
2025-06-24T14:13:40.138-03:00  WARN 22793 --- [libraryapi] [main] JpaBaseConfiguration$JpaWebConfiguration : spring.jpa.open-in-view is enabled by default. Therefore, database queries may be performed during view rendering. Explicitly configure spring.jpa.open-in-view to disable this warning
2025-06-24T14:13:40.343-03:00 DEBUG 22793 --- [libraryapi] [main] s.w.s.m.m.a.RequestMappingHandlerMapping : 13 mappings in 'requestMappingHandlerMapping'
2025-06-24T14:13:40.504-03:00 DEBUG 22793 --- [libraryapi] [main] o.s.w.s.handler.SimpleUrlHandlerMapping  : Patterns [/webjars/**, /**] in 'resourceHandlerMapping'
2025-06-24T14:13:40.822-03:00 DEBUG 22793 --- [libraryapi] [main] s.w.s.m.m.a.RequestMappingHandlerAdapter : ControllerAdvice beans: 0 @ModelAttribute, 0 @InitBinder, 1 RequestBodyAdvice, 1 ResponseBodyAdvice
2025-06-24T14:13:40.931-03:00 DEBUG 22793 --- [libraryapi] [main] .m.m.a.ExceptionHandlerExceptionResolver : ControllerAdvice beans: 1 @ExceptionHandler, 1 ResponseBodyAdvice
2025-06-24T14:17:29.843-03:00  WARN 23653 --- [libraryapi] [main] com.zaxxer.hikari.HikariConfig           : library-api-pool - idleTimeout is close to or more than maxLifetime, disabling it.
2025-06-24T14:17:34.012-03:00  WARN 23653 --- [libraryapi] [main] JpaBaseConfiguration$JpaWebConfiguration : spring.jpa.open-in-view is enabled by default. Therefore, database queries may be performed during view rendering. Explicitly configure spring.jpa.open-in-view to disable this warning
2025-06-24T14:17:34.059-03:00 TRACE 23653 --- [libraryapi] [main] eGlobalAuthenticationAutowiredConfigurer : Eagerly initializing {securityConfiguration=io.github.feeato.libraryapi.config.SecurityConfiguration$$SpringCGLIB$$0@7e4bbda4}
2025-06-24T14:17:34.062-03:00  INFO 23653 --- [libraryapi] [main] eAuthenticationProviderManagerConfigurer : Global AuthenticationManager configured with AuthenticationProvider bean with name customAuthenticationProvider
2025-06-24T14:17:34.294-03:00 DEBUG 23653 --- [libraryapi] [main] s.w.s.m.m.a.RequestMappingHandlerMapping : 13 mappings in 'requestMappingHandlerMapping'
2025-06-24T14:17:34.463-03:00 DEBUG 23653 --- [libraryapi] [main] o.s.w.s.handler.SimpleUrlHandlerMapping  : Patterns [/webjars/**, /**] in 'resourceHandlerMapping'
2025-06-24T14:17:34.630-03:00 DEBUG 23653 --- [libraryapi] [main] o.s.s.web.DefaultSecurityFilterChain     : Will secure any request with filters: DisableEncodeUrlFilter, WebAsyncManagerIntegrationFilter, SecurityContextHolderFilter, HeaderWriterFilter, LogoutFilter, OAuth2AuthorizationRequestRedirectFilter, OAuth2LoginAuthenticationFilter, DefaultResourcesFilter, DefaultLoginPageGeneratingFilter, DefaultLogoutPageGeneratingFilter, BasicAuthenticationFilter, RequestCacheAwareFilter, SecurityContextHolderAwareRequestFilter, AnonymousAuthenticationFilter, ExceptionTranslationFilter, AuthorizationFilter
2025-06-24T14:17:34.829-03:00 DEBUG 23653 --- [libraryapi] [main] s.w.s.m.m.a.RequestMappingHandlerAdapter : ControllerAdvice beans: 0 @ModelAttribute, 0 @InitBinder, 1 RequestBodyAdvice, 1 ResponseBodyAdvice
2025-06-24T14:17:34.968-03:00 DEBUG 23653 --- [libraryapi] [main] .m.m.a.ExceptionHandlerExceptionResolver : ControllerAdvice beans: 1 @ExceptionHandler, 1 ResponseBodyAdvice
2025-06-24T14:18:07.204-03:00  WARN 23954 --- [libraryapi] [main] com.zaxxer.hikari.HikariConfig           : library-api-pool - idleTimeout is close to or more than maxLifetime, disabling it.
2025-06-24T14:18:09.862-03:00  WARN 23954 --- [libraryapi] [main] JpaBaseConfiguration$JpaWebConfiguration : spring.jpa.open-in-view is enabled by default. Therefore, database queries may be performed during view rendering. Explicitly configure spring.jpa.open-in-view to disable this warning
2025-06-24T14:18:09.888-03:00 TRACE 23954 --- [libraryapi] [main] eGlobalAuthenticationAutowiredConfigurer : Eagerly initializing {securityConfiguration=io.github.feeato.libraryapi.config.SecurityConfiguration$$SpringCGLIB$$0@55a2ca5e}
2025-06-24T14:18:09.890-03:00  INFO 23954 --- [libraryapi] [main] eAuthenticationProviderManagerConfigurer : Global AuthenticationManager configured with AuthenticationProvider bean with name customAuthenticationProvider
2025-06-24T14:18:10.033-03:00 DEBUG 23954 --- [libraryapi] [main] s.w.s.m.m.a.RequestMappingHandlerMapping : 13 mappings in 'requestMappingHandlerMapping'
2025-06-24T14:18:10.186-03:00 DEBUG 23954 --- [libraryapi] [main] o.s.w.s.handler.SimpleUrlHandlerMapping  : Patterns [/webjars/**, /**] in 'resourceHandlerMapping'
2025-06-24T14:18:10.317-03:00 DEBUG 23954 --- [libraryapi] [main] o.s.s.web.DefaultSecurityFilterChain     : Will secure any request with filters: DisableEncodeUrlFilter, WebAsyncManagerIntegrationFilter, SecurityContextHolderFilter, HeaderWriterFilter, LogoutFilter, OAuth2AuthorizationRequestRedirectFilter, OAuth2LoginAuthenticationFilter, DefaultResourcesFilter, DefaultLoginPageGeneratingFilter, DefaultLogoutPageGeneratingFilter, BasicAuthenticationFilter, RequestCacheAwareFilter, SecurityContextHolderAwareRequestFilter, AnonymousAuthenticationFilter, ExceptionTranslationFilter, AuthorizationFilter
2025-06-24T14:18:10.461-03:00 DEBUG 23954 --- [libraryapi] [main] s.w.s.m.m.a.RequestMappingHandlerAdapter : ControllerAdvice beans: 0 @ModelAttribute, 0 @InitBinder, 1 RequestBodyAdvice, 1 ResponseBodyAdvice
2025-06-24T14:18:10.558-03:00 DEBUG 23954 --- [libraryapi] [main] .m.m.a.ExceptionHandlerExceptionResolver : ControllerAdvice beans: 1 @ExceptionHandler, 1 ResponseBodyAdvice
2025-06-24T14:19:38.790-03:00  WARN 24679 --- [libraryapi] [main] com.zaxxer.hikari.HikariConfig           : library-api-pool - idleTimeout is close to or more than maxLifetime, disabling it.
2025-06-24T14:19:41.905-03:00  WARN 24679 --- [libraryapi] [main] JpaBaseConfiguration$JpaWebConfiguration : spring.jpa.open-in-view is enabled by default. Therefore, database queries may be performed during view rendering. Explicitly configure spring.jpa.open-in-view to disable this warning
2025-06-24T14:19:41.942-03:00 TRACE 24679 --- [libraryapi] [main] eGlobalAuthenticationAutowiredConfigurer : Eagerly initializing {securityConfiguration=io.github.feeato.libraryapi.config.SecurityConfiguration$$SpringCGLIB$$0@7692c0e9}
2025-06-24T14:19:41.944-03:00  INFO 24679 --- [libraryapi] [main] eAuthenticationProviderManagerConfigurer : Global AuthenticationManager configured with AuthenticationProvider bean with name customAuthenticationProvider
2025-06-24T14:19:42.108-03:00 DEBUG 24679 --- [libraryapi] [main] s.w.s.m.m.a.RequestMappingHandlerMapping : 13 mappings in 'requestMappingHandlerMapping'
2025-06-24T14:19:42.260-03:00 DEBUG 24679 --- [libraryapi] [main] o.s.w.s.handler.SimpleUrlHandlerMapping  : Patterns [/webjars/**, /**] in 'resourceHandlerMapping'
2025-06-24T14:19:42.412-03:00 DEBUG 24679 --- [libraryapi] [main] o.s.s.web.DefaultSecurityFilterChain     : Will secure any request with filters: DisableEncodeUrlFilter, WebAsyncManagerIntegrationFilter, SecurityContextHolderFilter, HeaderWriterFilter, LogoutFilter, OAuth2AuthorizationRequestRedirectFilter, OAuth2LoginAuthenticationFilter, DefaultResourcesFilter, DefaultLoginPageGeneratingFilter, DefaultLogoutPageGeneratingFilter, BasicAuthenticationFilter, RequestCacheAwareFilter, SecurityContextHolderAwareRequestFilter, AnonymousAuthenticationFilter, ExceptionTranslationFilter, AuthorizationFilter
2025-06-24T14:19:42.584-03:00 DEBUG 24679 --- [libraryapi] [main] s.w.s.m.m.a.RequestMappingHandlerAdapter : ControllerAdvice beans: 0 @ModelAttribute, 0 @InitBinder, 1 RequestBodyAdvice, 1 ResponseBodyAdvice
2025-06-24T14:19:42.710-03:00 DEBUG 24679 --- [libraryapi] [main] .m.m.a.ExceptionHandlerExceptionResolver : ControllerAdvice beans: 1 @ExceptionHandler, 1 ResponseBodyAdvice
2025-06-24T14:20:17.629-03:00  INFO 24679 --- [libraryapi] [http-nio-8080-exec-1] o.s.web.servlet.DispatcherServlet        : Initializing Servlet 'dispatcherServlet'
2025-06-24T14:20:17.630-03:00 DEBUG 24679 --- [libraryapi] [http-nio-8080-exec-1] o.s.web.servlet.DispatcherServlet        : Detected StandardServletMultipartResolver
2025-06-24T14:20:17.630-03:00 DEBUG 24679 --- [libraryapi] [http-nio-8080-exec-1] o.s.web.servlet.DispatcherServlet        : Detected AcceptHeaderLocaleResolver
2025-06-24T14:20:17.630-03:00 DEBUG 24679 --- [libraryapi] [http-nio-8080-exec-1] o.s.web.servlet.DispatcherServlet        : Detected FixedThemeResolver
2025-06-24T14:20:17.631-03:00 DEBUG 24679 --- [libraryapi] [http-nio-8080-exec-1] o.s.web.servlet.DispatcherServlet        : Detected org.springframework.web.servlet.view.DefaultRequestToViewNameTranslator@353ab9e5
2025-06-24T14:20:17.631-03:00 DEBUG 24679 --- [libraryapi] [http-nio-8080-exec-1] o.s.web.servlet.DispatcherServlet        : Detected org.springframework.web.servlet.support.SessionFlashMapManager@38d583cd
2025-06-24T14:20:17.632-03:00 DEBUG 24679 --- [libraryapi] [http-nio-8080-exec-1] o.s.web.servlet.DispatcherServlet        : enableLoggingRequestDetails='false': request parameters and headers will be masked to prevent unsafe logging of potentially sensitive data
2025-06-24T14:20:17.632-03:00  INFO 24679 --- [libraryapi] [http-nio-8080-exec-1] o.s.web.servlet.DispatcherServlet        : Completed initialization in 2 ms
2025-06-24T14:20:17.651-03:00 TRACE 24679 --- [libraryapi] [http-nio-8080-exec-1] o.s.security.web.FilterChainProxy        : Trying to match request against DefaultSecurityFilterChain defined as 'securityFilterChain' in [class path resource [io/github/feeato/libraryapi/config/SecurityConfiguration.class]] matching [any request] and having filters [DisableEncodeUrl, WebAsyncManagerIntegration, SecurityContextHolder, HeaderWriter, Logout, OAuth2AuthorizationRequestRedirect, OAuth2LoginAuthentication, DefaultResources, DefaultLoginPageGenerating, DefaultLogoutPageGenerating, BasicAuthentication, RequestCacheAware, SecurityContextHolderAwareRequest, AnonymousAuthentication, ExceptionTranslation, Authorization] (1/1)
2025-06-24T14:20:17.651-03:00 DEBUG 24679 --- [libraryapi] [http-nio-8080-exec-1] o.s.security.web.FilterChainProxy        : Securing POST /autores
2025-06-24T14:20:17.652-03:00 TRACE 24679 --- [libraryapi] [http-nio-8080-exec-1] o.s.security.web.FilterChainProxy        : Invoking DisableEncodeUrlFilter (1/16)
2025-06-24T14:20:17.653-03:00 TRACE 24679 --- [libraryapi] [http-nio-8080-exec-1] o.s.security.web.FilterChainProxy        : Invoking WebAsyncManagerIntegrationFilter (2/16)
2025-06-24T14:20:17.656-03:00 TRACE 24679 --- [libraryapi] [http-nio-8080-exec-1] o.s.security.web.FilterChainProxy        : Invoking SecurityContextHolderFilter (3/16)
2025-06-24T14:20:17.658-03:00 TRACE 24679 --- [libraryapi] [http-nio-8080-exec-1] o.s.security.web.FilterChainProxy        : Invoking HeaderWriterFilter (4/16)
2025-06-24T14:20:17.659-03:00 TRACE 24679 --- [libraryapi] [http-nio-8080-exec-1] o.s.security.web.FilterChainProxy        : Invoking LogoutFilter (5/16)
2025-06-24T14:20:17.660-03:00 TRACE 24679 --- [libraryapi] [http-nio-8080-exec-1] o.s.s.w.a.logout.LogoutFilter            : Did not match request to Or [Ant [pattern='/logout', GET], Ant [pattern='/logout', POST], Ant [pattern='/logout', PUT], Ant [pattern='/logout', DELETE]]
2025-06-24T14:20:17.660-03:00 TRACE 24679 --- [libraryapi] [http-nio-8080-exec-1] o.s.security.web.FilterChainProxy        : Invoking OAuth2AuthorizationRequestRedirectFilter (6/16)
2025-06-24T14:20:17.660-03:00 TRACE 24679 --- [libraryapi] [http-nio-8080-exec-1] o.s.security.web.FilterChainProxy        : Invoking OAuth2LoginAuthenticationFilter (7/16)
2025-06-24T14:20:17.660-03:00 TRACE 24679 --- [libraryapi] [http-nio-8080-exec-1] .s.o.c.w.OAuth2LoginAuthenticationFilter : Did not match request to Ant [pattern='/login/oauth2/code/*']
2025-06-24T14:20:17.661-03:00 TRACE 24679 --- [libraryapi] [http-nio-8080-exec-1] o.s.security.web.FilterChainProxy        : Invoking DefaultResourcesFilter (8/16)
2025-06-24T14:20:17.661-03:00 TRACE 24679 --- [libraryapi] [http-nio-8080-exec-1] o.s.security.web.FilterChainProxy        : Invoking DefaultLoginPageGeneratingFilter (9/16)
2025-06-24T14:20:17.661-03:00 TRACE 24679 --- [libraryapi] [http-nio-8080-exec-1] o.s.security.web.FilterChainProxy        : Invoking DefaultLogoutPageGeneratingFilter (10/16)
2025-06-24T14:20:17.661-03:00 TRACE 24679 --- [libraryapi] [http-nio-8080-exec-1] .w.a.u.DefaultLogoutPageGeneratingFilter : Did not render default logout page since request did not match [Ant [pattern='/logout', GET]]
2025-06-24T14:20:17.661-03:00 TRACE 24679 --- [libraryapi] [http-nio-8080-exec-1] o.s.security.web.FilterChainProxy        : Invoking BasicAuthenticationFilter (11/16)
2025-06-24T14:20:17.662-03:00 TRACE 24679 --- [libraryapi] [http-nio-8080-exec-1] o.s.s.w.a.www.BasicAuthenticationFilter  : Found username 'admin' in Basic Authorization header
2025-06-24T14:20:17.663-03:00 TRACE 24679 --- [libraryapi] [http-nio-8080-exec-1] w.c.HttpSessionSecurityContextRepository : No HttpSession currently exists
2025-06-24T14:20:17.663-03:00 TRACE 24679 --- [libraryapi] [http-nio-8080-exec-1] .s.s.w.c.SupplierDeferredSecurityContext : Created SecurityContextImpl [Null authentication]
2025-06-24T14:20:17.663-03:00 TRACE 24679 --- [libraryapi] [http-nio-8080-exec-1] .s.s.w.c.SupplierDeferredSecurityContext : Created SecurityContextImpl [Null authentication]
2025-06-24T14:20:17.663-03:00 TRACE 24679 --- [libraryapi] [http-nio-8080-exec-1] o.s.s.authentication.ProviderManager     : Authenticating request with CustomAuthenticationProvider (1/1)
2025-06-24T14:20:17.887-03:00 DEBUG 24679 --- [libraryapi] [http-nio-8080-exec-1] o.s.s.w.a.www.BasicAuthenticationFilter  : Set SecurityContextHolder to io.github.feeato.libraryapi.security.CustomAuthentication@7feadb07
2025-06-24T14:20:17.887-03:00 TRACE 24679 --- [libraryapi] [http-nio-8080-exec-1] o.s.security.web.FilterChainProxy        : Invoking RequestCacheAwareFilter (12/16)
2025-06-24T14:20:17.887-03:00 TRACE 24679 --- [libraryapi] [http-nio-8080-exec-1] o.s.s.w.s.HttpSessionRequestCache        : matchingRequestParameterName is required for getMatchingRequest to lookup a value, but not provided
2025-06-24T14:20:17.887-03:00 TRACE 24679 --- [libraryapi] [http-nio-8080-exec-1] o.s.security.web.FilterChainProxy        : Invoking SecurityContextHolderAwareRequestFilter (13/16)
2025-06-24T14:20:17.889-03:00 TRACE 24679 --- [libraryapi] [http-nio-8080-exec-1] o.s.security.web.FilterChainProxy        : Invoking AnonymousAuthenticationFilter (14/16)
2025-06-24T14:20:17.889-03:00 TRACE 24679 --- [libraryapi] [http-nio-8080-exec-1] o.s.security.web.FilterChainProxy        : Invoking ExceptionTranslationFilter (15/16)
2025-06-24T14:20:17.889-03:00 TRACE 24679 --- [libraryapi] [http-nio-8080-exec-1] o.s.security.web.FilterChainProxy        : Invoking AuthorizationFilter (16/16)
2025-06-24T14:20:17.890-03:00 TRACE 24679 --- [libraryapi] [http-nio-8080-exec-1] estMatcherDelegatingAuthorizationManager : Authorizing POST /autores
2025-06-24T14:20:17.892-03:00 TRACE 24679 --- [libraryapi] [http-nio-8080-exec-1] estMatcherDelegatingAuthorizationManager : Checking authorization on POST /autores using org.springframework.security.authorization.AuthenticatedAuthorizationManager@33e52c77
2025-06-24T14:20:17.893-03:00 TRACE 24679 --- [libraryapi] [http-nio-8080-exec-1] o.s.s.w.a.AnonymousAuthenticationFilter  : Did not set SecurityContextHolder since already authenticated io.github.feeato.libraryapi.security.CustomAuthentication@7feadb07
2025-06-24T14:20:17.893-03:00 DEBUG 24679 --- [libraryapi] [http-nio-8080-exec-1] o.s.security.web.FilterChainProxy        : Secured POST /autores
2025-06-24T14:20:17.896-03:00 DEBUG 24679 --- [libraryapi] [http-nio-8080-exec-1] o.s.web.servlet.DispatcherServlet        : POST "/libraryapi/autores", parameters={}
2025-06-24T14:20:17.899-03:00 DEBUG 24679 --- [libraryapi] [http-nio-8080-exec-1] s.w.s.m.m.a.RequestMappingHandlerMapping : Mapped to io.github.feeato.libraryapi.controller.AutoresController#cadastrarAutor(AutorDTO)
2025-06-24T14:20:18.005-03:00 DEBUG 24679 --- [libraryapi] [http-nio-8080-exec-1] m.m.a.RequestResponseBodyMethodProcessor : Read "application/json;charset=UTF-8" to [AutorDTO[id=null, nome=Maria Francisca Freitas, dataNascimento=2002-09-13, nacionalidade=brasileiro]]
2025-06-24T14:20:18.051-03:00 DEBUG 24679 --- [libraryapi] [http-nio-8080-exec-1] horizationManagerBeforeMethodInterceptor : Authorizing method invocation ReflectiveMethodInvocation: public org.springframework.http.ResponseEntity io.github.feeato.libraryapi.controller.AutoresController.cadastrarAutor(io.github.feeato.libraryapi.model.dto.AutorDTO); target is of class [io.github.feeato.libraryapi.controller.AutoresController]
2025-06-24T14:20:18.078-03:00 DEBUG 24679 --- [libraryapi] [http-nio-8080-exec-1] horizationManagerBeforeMethodInterceptor : Authorized method invocation ReflectiveMethodInvocation: public org.springframework.http.ResponseEntity io.github.feeato.libraryapi.controller.AutoresController.cadastrarAutor(io.github.feeato.libraryapi.model.dto.AutorDTO); target is of class [io.github.feeato.libraryapi.controller.AutoresController]
2025-06-24T14:20:20.965-03:00 DEBUG 24679 --- [libraryapi] [http-nio-8080-exec-1] .m.m.a.ExceptionHandlerExceptionResolver : Using @ExceptionHandler io.github.feeato.libraryapi.controller.common.GlobalExceptionHandler#handleException(Exception)
2025-06-24T14:20:20.992-03:00 DEBUG 24679 --- [libraryapi] [http-nio-8080-exec-1] o.s.w.s.m.m.a.HttpEntityMethodProcessor  : Using 'application/json', given [*/*] and supported [application/json, application/*+json]
2025-06-24T14:20:20.995-03:00 DEBUG 24679 --- [libraryapi] [http-nio-8080-exec-1] o.s.w.s.m.m.a.HttpEntityMethodProcessor  : Writing [ErroResposta[status=400, mensagem=class io.github.feeato.libraryapi.model.entity.Usuario cannot be c (truncated)...]
2025-06-24T14:20:21.011-03:00 TRACE 24679 --- [libraryapi] [http-nio-8080-exec-1] o.s.s.w.header.writers.HstsHeaderWriter  : Not injecting HSTS header since it did not match request to [Is Secure]
2025-06-24T14:20:21.013-03:00 DEBUG 24679 --- [libraryapi] [http-nio-8080-exec-1] .m.m.a.ExceptionHandlerExceptionResolver : Resolved [java.lang.ClassCastException: class io.github.feeato.libraryapi.model.entity.Usuario cannot be cast to class io.github.feeato.libraryapi.security.CustomAuthentication (io.github.feeato.libraryapi.model.entity.Usuario and io.github.feeato.libraryapi.security.CustomAuthentication are in unnamed module of loader 'app')]
2025-06-24T14:20:21.014-03:00 DEBUG 24679 --- [libraryapi] [http-nio-8080-exec-1] o.s.web.servlet.DispatcherServlet        : Completed 400 BAD_REQUEST
2025-06-24T14:21:31.144-03:00 TRACE 24679 --- [libraryapi] [http-nio-8080-exec-4] o.s.security.web.FilterChainProxy        : Trying to match request against DefaultSecurityFilterChain defined as 'securityFilterChain' in [class path resource [io/github/feeato/libraryapi/config/SecurityConfiguration.class]] matching [any request] and having filters [DisableEncodeUrl, WebAsyncManagerIntegration, SecurityContextHolder, HeaderWriter, Logout, OAuth2AuthorizationRequestRedirect, OAuth2LoginAuthentication, DefaultResources, DefaultLoginPageGenerating, DefaultLogoutPageGenerating, BasicAuthentication, RequestCacheAware, SecurityContextHolderAwareRequest, AnonymousAuthentication, ExceptionTranslation, Authorization] (1/1)
2025-06-24T14:21:31.145-03:00 DEBUG 24679 --- [libraryapi] [http-nio-8080-exec-4] o.s.security.web.FilterChainProxy        : Securing POST /autores
2025-06-24T14:21:31.145-03:00 TRACE 24679 --- [libraryapi] [http-nio-8080-exec-4] o.s.security.web.FilterChainProxy        : Invoking DisableEncodeUrlFilter (1/16)
2025-06-24T14:21:31.145-03:00 TRACE 24679 --- [libraryapi] [http-nio-8080-exec-4] o.s.security.web.FilterChainProxy        : Invoking WebAsyncManagerIntegrationFilter (2/16)
2025-06-24T14:21:31.145-03:00 TRACE 24679 --- [libraryapi] [http-nio-8080-exec-4] o.s.security.web.FilterChainProxy        : Invoking SecurityContextHolderFilter (3/16)
2025-06-24T14:21:31.145-03:00 TRACE 24679 --- [libraryapi] [http-nio-8080-exec-4] o.s.security.web.FilterChainProxy        : Invoking HeaderWriterFilter (4/16)
2025-06-24T14:21:31.145-03:00 TRACE 24679 --- [libraryapi] [http-nio-8080-exec-4] o.s.security.web.FilterChainProxy        : Invoking LogoutFilter (5/16)
2025-06-24T14:21:31.145-03:00 TRACE 24679 --- [libraryapi] [http-nio-8080-exec-4] o.s.s.w.a.logout.LogoutFilter            : Did not match request to Or [Ant [pattern='/logout', GET], Ant [pattern='/logout', POST], Ant [pattern='/logout', PUT], Ant [pattern='/logout', DELETE]]
2025-06-24T14:21:31.145-03:00 TRACE 24679 --- [libraryapi] [http-nio-8080-exec-4] o.s.security.web.FilterChainProxy        : Invoking OAuth2AuthorizationRequestRedirectFilter (6/16)
2025-06-24T14:21:31.145-03:00 TRACE 24679 --- [libraryapi] [http-nio-8080-exec-4] o.s.security.web.FilterChainProxy        : Invoking OAuth2LoginAuthenticationFilter (7/16)
2025-06-24T14:21:31.145-03:00 TRACE 24679 --- [libraryapi] [http-nio-8080-exec-4] .s.o.c.w.OAuth2LoginAuthenticationFilter : Did not match request to Ant [pattern='/login/oauth2/code/*']
2025-06-24T14:21:31.145-03:00 TRACE 24679 --- [libraryapi] [http-nio-8080-exec-4] o.s.security.web.FilterChainProxy        : Invoking DefaultResourcesFilter (8/16)
2025-06-24T14:21:31.145-03:00 TRACE 24679 --- [libraryapi] [http-nio-8080-exec-4] o.s.security.web.FilterChainProxy        : Invoking DefaultLoginPageGeneratingFilter (9/16)
2025-06-24T14:21:31.145-03:00 TRACE 24679 --- [libraryapi] [http-nio-8080-exec-4] o.s.security.web.FilterChainProxy        : Invoking DefaultLogoutPageGeneratingFilter (10/16)
2025-06-24T14:21:31.145-03:00 TRACE 24679 --- [libraryapi] [http-nio-8080-exec-4] .w.a.u.DefaultLogoutPageGeneratingFilter : Did not render default logout page since request did not match [Ant [pattern='/logout', GET]]
2025-06-24T14:21:31.146-03:00 TRACE 24679 --- [libraryapi] [http-nio-8080-exec-4] o.s.security.web.FilterChainProxy        : Invoking BasicAuthenticationFilter (11/16)
2025-06-24T14:21:31.146-03:00 TRACE 24679 --- [libraryapi] [http-nio-8080-exec-4] o.s.s.w.a.www.BasicAuthenticationFilter  : Found username 'admin' in Basic Authorization header
2025-06-24T14:21:31.146-03:00 TRACE 24679 --- [libraryapi] [http-nio-8080-exec-4] w.c.HttpSessionSecurityContextRepository : No HttpSession currently exists
2025-06-24T14:21:31.146-03:00 TRACE 24679 --- [libraryapi] [http-nio-8080-exec-4] .s.s.w.c.SupplierDeferredSecurityContext : Created SecurityContextImpl [Null authentication]
2025-06-24T14:21:31.146-03:00 TRACE 24679 --- [libraryapi] [http-nio-8080-exec-4] .s.s.w.c.SupplierDeferredSecurityContext : Created SecurityContextImpl [Null authentication]
2025-06-24T14:21:31.146-03:00 TRACE 24679 --- [libraryapi] [http-nio-8080-exec-4] o.s.s.authentication.ProviderManager     : Authenticating request with CustomAuthenticationProvider (1/1)
2025-06-24T14:21:34.212-03:00 DEBUG 24679 --- [libraryapi] [http-nio-8080-exec-4] o.s.s.w.a.www.BasicAuthenticationFilter  : Set SecurityContextHolder to io.github.feeato.libraryapi.security.CustomAuthentication@216cffa0
2025-06-24T14:21:34.213-03:00 TRACE 24679 --- [libraryapi] [http-nio-8080-exec-4] o.s.security.web.FilterChainProxy        : Invoking RequestCacheAwareFilter (12/16)
2025-06-24T14:21:34.213-03:00 TRACE 24679 --- [libraryapi] [http-nio-8080-exec-4] o.s.s.w.s.HttpSessionRequestCache        : matchingRequestParameterName is required for getMatchingRequest to lookup a value, but not provided
2025-06-24T14:21:34.213-03:00 TRACE 24679 --- [libraryapi] [http-nio-8080-exec-4] o.s.security.web.FilterChainProxy        : Invoking SecurityContextHolderAwareRequestFilter (13/16)
2025-06-24T14:21:34.213-03:00 TRACE 24679 --- [libraryapi] [http-nio-8080-exec-4] o.s.security.web.FilterChainProxy        : Invoking AnonymousAuthenticationFilter (14/16)
2025-06-24T14:21:34.213-03:00 TRACE 24679 --- [libraryapi] [http-nio-8080-exec-4] o.s.security.web.FilterChainProxy        : Invoking ExceptionTranslationFilter (15/16)
2025-06-24T14:21:34.213-03:00 TRACE 24679 --- [libraryapi] [http-nio-8080-exec-4] o.s.security.web.FilterChainProxy        : Invoking AuthorizationFilter (16/16)
2025-06-24T14:21:34.213-03:00 TRACE 24679 --- [libraryapi] [http-nio-8080-exec-4] estMatcherDelegatingAuthorizationManager : Authorizing POST /autores
2025-06-24T14:21:34.213-03:00 TRACE 24679 --- [libraryapi] [http-nio-8080-exec-4] estMatcherDelegatingAuthorizationManager : Checking authorization on POST /autores using org.springframework.security.authorization.AuthenticatedAuthorizationManager@33e52c77
2025-06-24T14:21:34.213-03:00 TRACE 24679 --- [libraryapi] [http-nio-8080-exec-4] o.s.s.w.a.AnonymousAuthenticationFilter  : Did not set SecurityContextHolder since already authenticated io.github.feeato.libraryapi.security.CustomAuthentication@216cffa0
2025-06-24T14:21:34.213-03:00 DEBUG 24679 --- [libraryapi] [http-nio-8080-exec-4] o.s.security.web.FilterChainProxy        : Secured POST /autores
2025-06-24T14:21:34.213-03:00 DEBUG 24679 --- [libraryapi] [http-nio-8080-exec-4] o.s.web.servlet.DispatcherServlet        : POST "/libraryapi/autores", parameters={}
2025-06-24T14:21:34.214-03:00 DEBUG 24679 --- [libraryapi] [http-nio-8080-exec-4] s.w.s.m.m.a.RequestMappingHandlerMapping : Mapped to io.github.feeato.libraryapi.controller.AutoresController#cadastrarAutor(AutorDTO)
2025-06-24T14:21:34.215-03:00 DEBUG 24679 --- [libraryapi] [http-nio-8080-exec-4] m.m.a.RequestResponseBodyMethodProcessor : Read "application/json;charset=UTF-8" to [AutorDTO[id=null, nome=Maria Francisca Freitas, dataNascimento=2002-09-13, nacionalidade=brasileiro]]
2025-06-24T14:21:34.216-03:00 DEBUG 24679 --- [libraryapi] [http-nio-8080-exec-4] horizationManagerBeforeMethodInterceptor : Authorizing method invocation ReflectiveMethodInvocation: public org.springframework.http.ResponseEntity io.github.feeato.libraryapi.controller.AutoresController.cadastrarAutor(io.github.feeato.libraryapi.model.dto.AutorDTO); target is of class [io.github.feeato.libraryapi.controller.AutoresController]
2025-06-24T14:21:34.216-03:00 DEBUG 24679 --- [libraryapi] [http-nio-8080-exec-4] horizationManagerBeforeMethodInterceptor : Authorized method invocation ReflectiveMethodInvocation: public org.springframework.http.ResponseEntity io.github.feeato.libraryapi.controller.AutoresController.cadastrarAutor(io.github.feeato.libraryapi.model.dto.AutorDTO); target is of class [io.github.feeato.libraryapi.controller.AutoresController]
2025-06-24T14:21:53.471-03:00 DEBUG 24679 --- [libraryapi] [http-nio-8080-exec-4] .m.m.a.ExceptionHandlerExceptionResolver : Using @ExceptionHandler io.github.feeato.libraryapi.controller.common.GlobalExceptionHandler#handleException(Exception)
2025-06-24T14:21:53.472-03:00 DEBUG 24679 --- [libraryapi] [http-nio-8080-exec-4] o.s.w.s.m.m.a.HttpEntityMethodProcessor  : Using 'application/json', given [*/*] and supported [application/json, application/*+json]
2025-06-24T14:21:53.472-03:00 DEBUG 24679 --- [libraryapi] [http-nio-8080-exec-4] o.s.w.s.m.m.a.HttpEntityMethodProcessor  : Writing [ErroResposta[status=400, mensagem=class io.github.feeato.libraryapi.model.entity.Usuario cannot be c (truncated)...]
2025-06-24T14:21:53.473-03:00 TRACE 24679 --- [libraryapi] [http-nio-8080-exec-4] o.s.s.w.header.writers.HstsHeaderWriter  : Not injecting HSTS header since it did not match request to [Is Secure]
2025-06-24T14:21:53.473-03:00 DEBUG 24679 --- [libraryapi] [http-nio-8080-exec-4] .m.m.a.ExceptionHandlerExceptionResolver : Resolved [java.lang.ClassCastException: class io.github.feeato.libraryapi.model.entity.Usuario cannot be cast to class io.github.feeato.libraryapi.security.CustomAuthentication (io.github.feeato.libraryapi.model.entity.Usuario and io.github.feeato.libraryapi.security.CustomAuthentication are in unnamed module of loader 'app')]
2025-06-24T14:21:53.474-03:00 DEBUG 24679 --- [libraryapi] [http-nio-8080-exec-4] o.s.web.servlet.DispatcherServlet        : Completed 400 BAD_REQUEST
2025-06-24T14:22:00.465-03:00  WARN 24978 --- [libraryapi] [main] com.zaxxer.hikari.HikariConfig           : library-api-pool - idleTimeout is close to or more than maxLifetime, disabling it.
2025-06-24T14:22:02.901-03:00  WARN 24978 --- [libraryapi] [main] JpaBaseConfiguration$JpaWebConfiguration : spring.jpa.open-in-view is enabled by default. Therefore, database queries may be performed during view rendering. Explicitly configure spring.jpa.open-in-view to disable this warning
2025-06-24T14:22:02.928-03:00 TRACE 24978 --- [libraryapi] [main] eGlobalAuthenticationAutowiredConfigurer : Eagerly initializing {securityConfiguration=io.github.feeato.libraryapi.config.SecurityConfiguration$$SpringCGLIB$$0@1254a3cd}
2025-06-24T14:22:02.929-03:00  INFO 24978 --- [libraryapi] [main] eAuthenticationProviderManagerConfigurer : Global AuthenticationManager configured with AuthenticationProvider bean with name customAuthenticationProvider
2025-06-24T14:22:03.079-03:00 DEBUG 24978 --- [libraryapi] [main] s.w.s.m.m.a.RequestMappingHandlerMapping : 13 mappings in 'requestMappingHandlerMapping'
2025-06-24T14:22:03.205-03:00 DEBUG 24978 --- [libraryapi] [main] o.s.w.s.handler.SimpleUrlHandlerMapping  : Patterns [/webjars/**, /**] in 'resourceHandlerMapping'
2025-06-24T14:22:03.329-03:00 DEBUG 24978 --- [libraryapi] [main] o.s.s.web.DefaultSecurityFilterChain     : Will secure any request with filters: DisableEncodeUrlFilter, WebAsyncManagerIntegrationFilter, SecurityContextHolderFilter, HeaderWriterFilter, LogoutFilter, OAuth2AuthorizationRequestRedirectFilter, OAuth2LoginAuthenticationFilter, DefaultResourcesFilter, DefaultLoginPageGeneratingFilter, DefaultLogoutPageGeneratingFilter, BasicAuthenticationFilter, RequestCacheAwareFilter, SecurityContextHolderAwareRequestFilter, AnonymousAuthenticationFilter, ExceptionTranslationFilter, AuthorizationFilter
2025-06-24T14:22:03.484-03:00 DEBUG 24978 --- [libraryapi] [main] s.w.s.m.m.a.RequestMappingHandlerAdapter : ControllerAdvice beans: 0 @ModelAttribute, 0 @InitBinder, 1 RequestBodyAdvice, 1 ResponseBodyAdvice
2025-06-24T14:22:03.584-03:00 DEBUG 24978 --- [libraryapi] [main] .m.m.a.ExceptionHandlerExceptionResolver : ControllerAdvice beans: 1 @ExceptionHandler, 1 ResponseBodyAdvice
2025-06-24T14:22:11.632-03:00  INFO 24978 --- [libraryapi] [http-nio-8080-exec-2] o.s.web.servlet.DispatcherServlet        : Initializing Servlet 'dispatcherServlet'
2025-06-24T14:22:11.632-03:00 DEBUG 24978 --- [libraryapi] [http-nio-8080-exec-2] o.s.web.servlet.DispatcherServlet        : Detected StandardServletMultipartResolver
2025-06-24T14:22:11.632-03:00 DEBUG 24978 --- [libraryapi] [http-nio-8080-exec-2] o.s.web.servlet.DispatcherServlet        : Detected AcceptHeaderLocaleResolver
2025-06-24T14:22:11.632-03:00 DEBUG 24978 --- [libraryapi] [http-nio-8080-exec-2] o.s.web.servlet.DispatcherServlet        : Detected FixedThemeResolver
2025-06-24T14:22:11.633-03:00 DEBUG 24978 --- [libraryapi] [http-nio-8080-exec-2] o.s.web.servlet.DispatcherServlet        : Detected org.springframework.web.servlet.view.DefaultRequestToViewNameTranslator@77dd0ac9
2025-06-24T14:22:11.634-03:00 DEBUG 24978 --- [libraryapi] [http-nio-8080-exec-2] o.s.web.servlet.DispatcherServlet        : Detected org.springframework.web.servlet.support.SessionFlashMapManager@47fde444
2025-06-24T14:22:11.634-03:00 DEBUG 24978 --- [libraryapi] [http-nio-8080-exec-2] o.s.web.servlet.DispatcherServlet        : enableLoggingRequestDetails='false': request parameters and headers will be masked to prevent unsafe logging of potentially sensitive data
2025-06-24T14:22:11.634-03:00  INFO 24978 --- [libraryapi] [http-nio-8080-exec-2] o.s.web.servlet.DispatcherServlet        : Completed initialization in 2 ms
2025-06-24T14:22:11.654-03:00 TRACE 24978 --- [libraryapi] [http-nio-8080-exec-2] o.s.security.web.FilterChainProxy        : Trying to match request against DefaultSecurityFilterChain defined as 'securityFilterChain' in [class path resource [io/github/feeato/libraryapi/config/SecurityConfiguration.class]] matching [any request] and having filters [DisableEncodeUrl, WebAsyncManagerIntegration, SecurityContextHolder, HeaderWriter, Logout, OAuth2AuthorizationRequestRedirect, OAuth2LoginAuthentication, DefaultResources, DefaultLoginPageGenerating, DefaultLogoutPageGenerating, BasicAuthentication, RequestCacheAware, SecurityContextHolderAwareRequest, AnonymousAuthentication, ExceptionTranslation, Authorization] (1/1)
2025-06-24T14:22:11.655-03:00 DEBUG 24978 --- [libraryapi] [http-nio-8080-exec-2] o.s.security.web.FilterChainProxy        : Securing POST /autores
2025-06-24T14:22:11.657-03:00 TRACE 24978 --- [libraryapi] [http-nio-8080-exec-2] o.s.security.web.FilterChainProxy        : Invoking DisableEncodeUrlFilter (1/16)
2025-06-24T14:22:11.658-03:00 TRACE 24978 --- [libraryapi] [http-nio-8080-exec-2] o.s.security.web.FilterChainProxy        : Invoking WebAsyncManagerIntegrationFilter (2/16)
2025-06-24T14:22:11.660-03:00 TRACE 24978 --- [libraryapi] [http-nio-8080-exec-2] o.s.security.web.FilterChainProxy        : Invoking SecurityContextHolderFilter (3/16)
2025-06-24T14:22:11.662-03:00 TRACE 24978 --- [libraryapi] [http-nio-8080-exec-2] o.s.security.web.FilterChainProxy        : Invoking HeaderWriterFilter (4/16)
2025-06-24T14:22:11.663-03:00 TRACE 24978 --- [libraryapi] [http-nio-8080-exec-2] o.s.security.web.FilterChainProxy        : Invoking LogoutFilter (5/16)
2025-06-24T14:22:11.664-03:00 TRACE 24978 --- [libraryapi] [http-nio-8080-exec-2] o.s.s.w.a.logout.LogoutFilter            : Did not match request to Or [Ant [pattern='/logout', GET], Ant [pattern='/logout', POST], Ant [pattern='/logout', PUT], Ant [pattern='/logout', DELETE]]
2025-06-24T14:22:11.664-03:00 TRACE 24978 --- [libraryapi] [http-nio-8080-exec-2] o.s.security.web.FilterChainProxy        : Invoking OAuth2AuthorizationRequestRedirectFilter (6/16)
2025-06-24T14:22:11.665-03:00 TRACE 24978 --- [libraryapi] [http-nio-8080-exec-2] o.s.security.web.FilterChainProxy        : Invoking OAuth2LoginAuthenticationFilter (7/16)
2025-06-24T14:22:11.665-03:00 TRACE 24978 --- [libraryapi] [http-nio-8080-exec-2] .s.o.c.w.OAuth2LoginAuthenticationFilter : Did not match request to Ant [pattern='/login/oauth2/code/*']
2025-06-24T14:22:11.665-03:00 TRACE 24978 --- [libraryapi] [http-nio-8080-exec-2] o.s.security.web.FilterChainProxy        : Invoking DefaultResourcesFilter (8/16)
2025-06-24T14:22:11.665-03:00 TRACE 24978 --- [libraryapi] [http-nio-8080-exec-2] o.s.security.web.FilterChainProxy        : Invoking DefaultLoginPageGeneratingFilter (9/16)
2025-06-24T14:22:11.665-03:00 TRACE 24978 --- [libraryapi] [http-nio-8080-exec-2] o.s.security.web.FilterChainProxy        : Invoking DefaultLogoutPageGeneratingFilter (10/16)
2025-06-24T14:22:11.665-03:00 TRACE 24978 --- [libraryapi] [http-nio-8080-exec-2] .w.a.u.DefaultLogoutPageGeneratingFilter : Did not render default logout page since request did not match [Ant [pattern='/logout', GET]]
2025-06-24T14:22:11.665-03:00 TRACE 24978 --- [libraryapi] [http-nio-8080-exec-2] o.s.security.web.FilterChainProxy        : Invoking BasicAuthenticationFilter (11/16)
2025-06-24T14:22:11.667-03:00 TRACE 24978 --- [libraryapi] [http-nio-8080-exec-2] o.s.s.w.a.www.BasicAuthenticationFilter  : Found username 'admin' in Basic Authorization header
2025-06-24T14:22:11.667-03:00 TRACE 24978 --- [libraryapi] [http-nio-8080-exec-2] w.c.HttpSessionSecurityContextRepository : No HttpSession currently exists
2025-06-24T14:22:11.667-03:00 TRACE 24978 --- [libraryapi] [http-nio-8080-exec-2] .s.s.w.c.SupplierDeferredSecurityContext : Created SecurityContextImpl [Null authentication]
2025-06-24T14:22:11.668-03:00 TRACE 24978 --- [libraryapi] [http-nio-8080-exec-2] .s.s.w.c.SupplierDeferredSecurityContext : Created SecurityContextImpl [Null authentication]
2025-06-24T14:22:11.668-03:00 TRACE 24978 --- [libraryapi] [http-nio-8080-exec-2] o.s.s.authentication.ProviderManager     : Authenticating request with CustomAuthenticationProvider (1/1)
2025-06-24T14:22:11.903-03:00 DEBUG 24978 --- [libraryapi] [http-nio-8080-exec-2] o.s.s.w.a.www.BasicAuthenticationFilter  : Set SecurityContextHolder to io.github.feeato.libraryapi.security.CustomAuthentication@23e6c006
2025-06-24T14:22:11.904-03:00 TRACE 24978 --- [libraryapi] [http-nio-8080-exec-2] o.s.security.web.FilterChainProxy        : Invoking RequestCacheAwareFilter (12/16)
2025-06-24T14:22:11.904-03:00 TRACE 24978 --- [libraryapi] [http-nio-8080-exec-2] o.s.s.w.s.HttpSessionRequestCache        : matchingRequestParameterName is required for getMatchingRequest to lookup a value, but not provided
2025-06-24T14:22:11.904-03:00 TRACE 24978 --- [libraryapi] [http-nio-8080-exec-2] o.s.security.web.FilterChainProxy        : Invoking SecurityContextHolderAwareRequestFilter (13/16)
2025-06-24T14:22:11.906-03:00 TRACE 24978 --- [libraryapi] [http-nio-8080-exec-2] o.s.security.web.FilterChainProxy        : Invoking AnonymousAuthenticationFilter (14/16)
2025-06-24T14:22:11.907-03:00 TRACE 24978 --- [libraryapi] [http-nio-8080-exec-2] o.s.security.web.FilterChainProxy        : Invoking ExceptionTranslationFilter (15/16)
2025-06-24T14:22:11.907-03:00 TRACE 24978 --- [libraryapi] [http-nio-8080-exec-2] o.s.security.web.FilterChainProxy        : Invoking AuthorizationFilter (16/16)
2025-06-24T14:22:11.908-03:00 TRACE 24978 --- [libraryapi] [http-nio-8080-exec-2] estMatcherDelegatingAuthorizationManager : Authorizing POST /autores
2025-06-24T14:22:11.910-03:00 TRACE 24978 --- [libraryapi] [http-nio-8080-exec-2] estMatcherDelegatingAuthorizationManager : Checking authorization on POST /autores using org.springframework.security.authorization.AuthenticatedAuthorizationManager@288845a4
2025-06-24T14:22:11.911-03:00 TRACE 24978 --- [libraryapi] [http-nio-8080-exec-2] o.s.s.w.a.AnonymousAuthenticationFilter  : Did not set SecurityContextHolder since already authenticated io.github.feeato.libraryapi.security.CustomAuthentication@23e6c006
2025-06-24T14:22:11.912-03:00 DEBUG 24978 --- [libraryapi] [http-nio-8080-exec-2] o.s.security.web.FilterChainProxy        : Secured POST /autores
2025-06-24T14:22:11.919-03:00 DEBUG 24978 --- [libraryapi] [http-nio-8080-exec-2] o.s.web.servlet.DispatcherServlet        : POST "/libraryapi/autores", parameters={}
2025-06-24T14:22:11.926-03:00 DEBUG 24978 --- [libraryapi] [http-nio-8080-exec-2] s.w.s.m.m.a.RequestMappingHandlerMapping : Mapped to io.github.feeato.libraryapi.controller.AutoresController#cadastrarAutor(AutorDTO)
2025-06-24T14:22:12.085-03:00 DEBUG 24978 --- [libraryapi] [http-nio-8080-exec-2] m.m.a.RequestResponseBodyMethodProcessor : Read "application/json;charset=UTF-8" to [AutorDTO[id=null, nome=Maria Francisca Freitas, dataNascimento=2002-09-13, nacionalidade=brasileiro]]
2025-06-24T14:22:12.151-03:00 DEBUG 24978 --- [libraryapi] [http-nio-8080-exec-2] horizationManagerBeforeMethodInterceptor : Authorizing method invocation ReflectiveMethodInvocation: public org.springframework.http.ResponseEntity io.github.feeato.libraryapi.controller.AutoresController.cadastrarAutor(io.github.feeato.libraryapi.model.dto.AutorDTO); target is of class [io.github.feeato.libraryapi.controller.AutoresController]
2025-06-24T14:22:12.196-03:00 DEBUG 24978 --- [libraryapi] [http-nio-8080-exec-2] horizationManagerBeforeMethodInterceptor : Authorized method invocation ReflectiveMethodInvocation: public org.springframework.http.ResponseEntity io.github.feeato.libraryapi.controller.AutoresController.cadastrarAutor(io.github.feeato.libraryapi.model.dto.AutorDTO); target is of class [io.github.feeato.libraryapi.controller.AutoresController]
2025-06-24T14:22:12.249-03:00 DEBUG 24978 --- [libraryapi] [http-nio-8080-exec-2] .m.m.a.ExceptionHandlerExceptionResolver : Using @ExceptionHandler io.github.feeato.libraryapi.controller.common.GlobalExceptionHandler#handleRegistroDuplicadoException(RegistroDuplicadoException)
2025-06-24T14:22:12.276-03:00 DEBUG 24978 --- [libraryapi] [http-nio-8080-exec-2] o.s.w.s.m.m.a.HttpEntityMethodProcessor  : Using 'application/json', given [*/*] and supported [application/json, application/*+json]
2025-06-24T14:22:12.278-03:00 DEBUG 24978 --- [libraryapi] [http-nio-8080-exec-2] o.s.w.s.m.m.a.HttpEntityMethodProcessor  : Writing [ErroResposta[status=409, mensagem=Autor já cadastrado, erros=[]]]
2025-06-24T14:22:12.295-03:00 TRACE 24978 --- [libraryapi] [http-nio-8080-exec-2] o.s.s.w.header.writers.HstsHeaderWriter  : Not injecting HSTS header since it did not match request to [Is Secure]
2025-06-24T14:22:12.297-03:00 DEBUG 24978 --- [libraryapi] [http-nio-8080-exec-2] .m.m.a.ExceptionHandlerExceptionResolver : Resolved [io.github.feeato.libraryapi.exceptions.RegistroDuplicadoException: Autor já cadastrado]
2025-06-24T14:22:12.298-03:00 DEBUG 24978 --- [libraryapi] [http-nio-8080-exec-2] o.s.web.servlet.DispatcherServlet        : Completed 409 CONFLICT
2025-06-24T14:22:44.693-03:00 TRACE 24978 --- [libraryapi] [http-nio-8080-exec-3] o.s.security.web.FilterChainProxy        : Trying to match request against DefaultSecurityFilterChain defined as 'securityFilterChain' in [class path resource [io/github/feeato/libraryapi/config/SecurityConfiguration.class]] matching [any request] and having filters [DisableEncodeUrl, WebAsyncManagerIntegration, SecurityContextHolder, HeaderWriter, Logout, OAuth2AuthorizationRequestRedirect, OAuth2LoginAuthentication, DefaultResources, DefaultLoginPageGenerating, DefaultLogoutPageGenerating, BasicAuthentication, RequestCacheAware, SecurityContextHolderAwareRequest, AnonymousAuthentication, ExceptionTranslation, Authorization] (1/1)
2025-06-24T14:22:44.693-03:00 DEBUG 24978 --- [libraryapi] [http-nio-8080-exec-3] o.s.security.web.FilterChainProxy        : Securing GET /autores?nome=miguel
2025-06-24T14:22:44.693-03:00 TRACE 24978 --- [libraryapi] [http-nio-8080-exec-3] o.s.security.web.FilterChainProxy        : Invoking DisableEncodeUrlFilter (1/16)
2025-06-24T14:22:44.693-03:00 TRACE 24978 --- [libraryapi] [http-nio-8080-exec-3] o.s.security.web.FilterChainProxy        : Invoking WebAsyncManagerIntegrationFilter (2/16)
2025-06-24T14:22:44.693-03:00 TRACE 24978 --- [libraryapi] [http-nio-8080-exec-3] o.s.security.web.FilterChainProxy        : Invoking SecurityContextHolderFilter (3/16)
2025-06-24T14:22:44.693-03:00 TRACE 24978 --- [libraryapi] [http-nio-8080-exec-3] o.s.security.web.FilterChainProxy        : Invoking HeaderWriterFilter (4/16)
2025-06-24T14:22:44.693-03:00 TRACE 24978 --- [libraryapi] [http-nio-8080-exec-3] o.s.security.web.FilterChainProxy        : Invoking LogoutFilter (5/16)
2025-06-24T14:22:44.693-03:00 TRACE 24978 --- [libraryapi] [http-nio-8080-exec-3] o.s.s.w.a.logout.LogoutFilter            : Did not match request to Or [Ant [pattern='/logout', GET], Ant [pattern='/logout', POST], Ant [pattern='/logout', PUT], Ant [pattern='/logout', DELETE]]
2025-06-24T14:22:44.694-03:00 TRACE 24978 --- [libraryapi] [http-nio-8080-exec-3] o.s.security.web.FilterChainProxy        : Invoking OAuth2AuthorizationRequestRedirectFilter (6/16)
2025-06-24T14:22:44.694-03:00 TRACE 24978 --- [libraryapi] [http-nio-8080-exec-3] o.s.security.web.FilterChainProxy        : Invoking OAuth2LoginAuthenticationFilter (7/16)
2025-06-24T14:22:44.694-03:00 TRACE 24978 --- [libraryapi] [http-nio-8080-exec-3] .s.o.c.w.OAuth2LoginAuthenticationFilter : Did not match request to Ant [pattern='/login/oauth2/code/*']
2025-06-24T14:22:44.694-03:00 TRACE 24978 --- [libraryapi] [http-nio-8080-exec-3] o.s.security.web.FilterChainProxy        : Invoking DefaultResourcesFilter (8/16)
2025-06-24T14:22:44.694-03:00 TRACE 24978 --- [libraryapi] [http-nio-8080-exec-3] o.s.security.web.FilterChainProxy        : Invoking DefaultLoginPageGeneratingFilter (9/16)
2025-06-24T14:22:44.694-03:00 TRACE 24978 --- [libraryapi] [http-nio-8080-exec-3] o.s.security.web.FilterChainProxy        : Invoking DefaultLogoutPageGeneratingFilter (10/16)
2025-06-24T14:22:44.694-03:00 TRACE 24978 --- [libraryapi] [http-nio-8080-exec-3] .w.a.u.DefaultLogoutPageGeneratingFilter : Did not render default logout page since request did not match [Ant [pattern='/logout', GET]]
2025-06-24T14:22:44.694-03:00 TRACE 24978 --- [libraryapi] [http-nio-8080-exec-3] o.s.security.web.FilterChainProxy        : Invoking BasicAuthenticationFilter (11/16)
2025-06-24T14:22:44.695-03:00 TRACE 24978 --- [libraryapi] [http-nio-8080-exec-3] o.s.s.w.a.www.BasicAuthenticationFilter  : Found username 'usuario' in Basic Authorization header
2025-06-24T14:22:44.695-03:00 TRACE 24978 --- [libraryapi] [http-nio-8080-exec-3] w.c.HttpSessionSecurityContextRepository : No HttpSession currently exists
2025-06-24T14:22:44.695-03:00 TRACE 24978 --- [libraryapi] [http-nio-8080-exec-3] .s.s.w.c.SupplierDeferredSecurityContext : Created SecurityContextImpl [Null authentication]
2025-06-24T14:22:44.695-03:00 TRACE 24978 --- [libraryapi] [http-nio-8080-exec-3] .s.s.w.c.SupplierDeferredSecurityContext : Created SecurityContextImpl [Null authentication]
2025-06-24T14:22:44.695-03:00 TRACE 24978 --- [libraryapi] [http-nio-8080-exec-3] o.s.s.authentication.ProviderManager     : Authenticating request with CustomAuthenticationProvider (1/1)
2025-06-24T14:22:44.765-03:00 DEBUG 24978 --- [libraryapi] [http-nio-8080-exec-3] o.s.s.w.a.www.BasicAuthenticationFilter  : Set SecurityContextHolder to io.github.feeato.libraryapi.security.CustomAuthentication@49dd0568
2025-06-24T14:22:44.765-03:00 TRACE 24978 --- [libraryapi] [http-nio-8080-exec-3] o.s.security.web.FilterChainProxy        : Invoking RequestCacheAwareFilter (12/16)
2025-06-24T14:22:44.831-03:00 TRACE 24978 --- [libraryapi] [http-nio-8080-exec-3] o.s.s.w.s.HttpSessionRequestCache        : matchingRequestParameterName is required for getMatchingRequest to lookup a value, but not provided
2025-06-24T14:22:44.832-03:00 TRACE 24978 --- [libraryapi] [http-nio-8080-exec-3] o.s.security.web.FilterChainProxy        : Invoking SecurityContextHolderAwareRequestFilter (13/16)
2025-06-24T14:22:44.832-03:00 TRACE 24978 --- [libraryapi] [http-nio-8080-exec-3] o.s.security.web.FilterChainProxy        : Invoking AnonymousAuthenticationFilter (14/16)
2025-06-24T14:22:44.832-03:00 TRACE 24978 --- [libraryapi] [http-nio-8080-exec-3] o.s.security.web.FilterChainProxy        : Invoking ExceptionTranslationFilter (15/16)
2025-06-24T14:22:44.832-03:00 TRACE 24978 --- [libraryapi] [http-nio-8080-exec-3] o.s.security.web.FilterChainProxy        : Invoking AuthorizationFilter (16/16)
2025-06-24T14:22:44.832-03:00 TRACE 24978 --- [libraryapi] [http-nio-8080-exec-3] estMatcherDelegatingAuthorizationManager : Authorizing GET /autores?nome=miguel
2025-06-24T14:22:44.832-03:00 TRACE 24978 --- [libraryapi] [http-nio-8080-exec-3] estMatcherDelegatingAuthorizationManager : Checking authorization on GET /autores?nome=miguel using org.springframework.security.authorization.AuthenticatedAuthorizationManager@288845a4
2025-06-24T14:22:44.832-03:00 TRACE 24978 --- [libraryapi] [http-nio-8080-exec-3] o.s.s.w.a.AnonymousAuthenticationFilter  : Did not set SecurityContextHolder since already authenticated io.github.feeato.libraryapi.security.CustomAuthentication@49dd0568
2025-06-24T14:22:44.832-03:00 DEBUG 24978 --- [libraryapi] [http-nio-8080-exec-3] o.s.security.web.FilterChainProxy        : Secured GET /autores?nome=miguel
2025-06-24T14:22:44.833-03:00 DEBUG 24978 --- [libraryapi] [http-nio-8080-exec-3] o.s.web.servlet.DispatcherServlet        : GET "/libraryapi/autores?nome=miguel", parameters={masked}
2025-06-24T14:22:44.833-03:00 DEBUG 24978 --- [libraryapi] [http-nio-8080-exec-3] s.w.s.m.m.a.RequestMappingHandlerMapping : Mapped to io.github.feeato.libraryapi.controller.AutoresController#buscarAutores(String, String)
2025-06-24T14:22:44.838-03:00  INFO 24978 --- [libraryapi] [http-nio-8080-exec-3] i.g.f.l.controller.AutoresController     : Adicionando um log de nível info
2025-06-24T14:22:44.838-03:00  WARN 24978 --- [libraryapi] [http-nio-8080-exec-3] i.g.f.l.controller.AutoresController     : Adicionando um log de nível warn
2025-06-24T14:22:44.838-03:00 ERROR 24978 --- [libraryapi] [http-nio-8080-exec-3] i.g.f.l.controller.AutoresController     : Adicionando um log de nível error
2025-06-24T14:22:44.872-03:00 DEBUG 24978 --- [libraryapi] [http-nio-8080-exec-3] o.s.w.s.m.m.a.HttpEntityMethodProcessor  : Using 'application/json', given [*/*] and supported [application/json, application/*+json]
2025-06-24T14:22:44.873-03:00 DEBUG 24978 --- [libraryapi] [http-nio-8080-exec-3] o.s.w.s.m.m.a.HttpEntityMethodProcessor  : Writing [{}]
2025-06-24T14:22:44.873-03:00 TRACE 24978 --- [libraryapi] [http-nio-8080-exec-3] o.s.s.w.header.writers.HstsHeaderWriter  : Not injecting HSTS header since it did not match request to [Is Secure]
2025-06-24T14:22:44.875-03:00 DEBUG 24978 --- [libraryapi] [http-nio-8080-exec-3] o.s.web.servlet.DispatcherServlet        : Completed 200 OK
2025-06-24T14:23:14.647-03:00  WARN 25234 --- [libraryapi] [main] com.zaxxer.hikari.HikariConfig           : library-api-pool - idleTimeout is close to or more than maxLifetime, disabling it.
2025-06-24T14:23:17.915-03:00  WARN 25234 --- [libraryapi] [main] JpaBaseConfiguration$JpaWebConfiguration : spring.jpa.open-in-view is enabled by default. Therefore, database queries may be performed during view rendering. Explicitly configure spring.jpa.open-in-view to disable this warning
2025-06-24T14:23:17.945-03:00 TRACE 25234 --- [libraryapi] [main] eGlobalAuthenticationAutowiredConfigurer : Eagerly initializing {securityConfiguration=io.github.feeato.libraryapi.config.SecurityConfiguration$$SpringCGLIB$$0@1cf7c055}
2025-06-24T14:23:17.946-03:00  INFO 25234 --- [libraryapi] [main] eAuthenticationProviderManagerConfigurer : Global AuthenticationManager configured with AuthenticationProvider bean with name customAuthenticationProvider
2025-06-24T14:23:18.118-03:00 DEBUG 25234 --- [libraryapi] [main] s.w.s.m.m.a.RequestMappingHandlerMapping : 13 mappings in 'requestMappingHandlerMapping'
2025-06-24T14:23:18.267-03:00 DEBUG 25234 --- [libraryapi] [main] o.s.w.s.handler.SimpleUrlHandlerMapping  : Patterns [/webjars/**, /**] in 'resourceHandlerMapping'
2025-06-24T14:23:18.416-03:00 DEBUG 25234 --- [libraryapi] [main] o.s.s.web.DefaultSecurityFilterChain     : Will secure any request with filters: DisableEncodeUrlFilter, WebAsyncManagerIntegrationFilter, SecurityContextHolderFilter, HeaderWriterFilter, LogoutFilter, OAuth2AuthorizationRequestRedirectFilter, OAuth2LoginAuthenticationFilter, DefaultResourcesFilter, DefaultLoginPageGeneratingFilter, DefaultLogoutPageGeneratingFilter, BasicAuthenticationFilter, RequestCacheAwareFilter, SecurityContextHolderAwareRequestFilter, AnonymousAuthenticationFilter, ExceptionTranslationFilter, AuthorizationFilter
2025-06-24T14:23:18.588-03:00 DEBUG 25234 --- [libraryapi] [main] s.w.s.m.m.a.RequestMappingHandlerAdapter : ControllerAdvice beans: 0 @ModelAttribute, 0 @InitBinder, 1 RequestBodyAdvice, 1 ResponseBodyAdvice
2025-06-24T14:23:18.704-03:00 DEBUG 25234 --- [libraryapi] [main] .m.m.a.ExceptionHandlerExceptionResolver : ControllerAdvice beans: 1 @ExceptionHandler, 1 ResponseBodyAdvice
2025-06-24T14:28:56.271-03:00  WARN 27042 --- [libraryapi] [main] com.zaxxer.hikari.HikariConfig           : library-api-pool - idleTimeout is close to or more than maxLifetime, disabling it.
2025-06-24T14:28:59.764-03:00  WARN 27042 --- [libraryapi] [main] JpaBaseConfiguration$JpaWebConfiguration : spring.jpa.open-in-view is enabled by default. Therefore, database queries may be performed during view rendering. Explicitly configure spring.jpa.open-in-view to disable this warning
2025-06-24T14:28:59.797-03:00 TRACE 27042 --- [libraryapi] [main] eGlobalAuthenticationAutowiredConfigurer : Eagerly initializing {securityConfiguration=io.github.feeato.libraryapi.config.SecurityConfiguration$$SpringCGLIB$$0@1dba7721}
2025-06-24T14:28:59.800-03:00  INFO 27042 --- [libraryapi] [main] eAuthenticationProviderManagerConfigurer : Global AuthenticationManager configured with AuthenticationProvider bean with name customAuthenticationProvider
2025-06-24T14:29:00.011-03:00 DEBUG 27042 --- [libraryapi] [main] s.w.s.m.m.a.RequestMappingHandlerMapping : 13 mappings in 'requestMappingHandlerMapping'
2025-06-24T14:29:00.157-03:00 DEBUG 27042 --- [libraryapi] [main] o.s.w.s.handler.SimpleUrlHandlerMapping  : Patterns [/webjars/**, /**] in 'resourceHandlerMapping'
2025-06-24T14:29:00.303-03:00 DEBUG 27042 --- [libraryapi] [main] o.s.s.web.DefaultSecurityFilterChain     : Will secure any request with filters: DisableEncodeUrlFilter, WebAsyncManagerIntegrationFilter, SecurityContextHolderFilter, HeaderWriterFilter, LogoutFilter, OAuth2AuthorizationRequestRedirectFilter, OAuth2LoginAuthenticationFilter, DefaultResourcesFilter, DefaultLoginPageGeneratingFilter, DefaultLogoutPageGeneratingFilter, BasicAuthenticationFilter, RequestCacheAwareFilter, SecurityContextHolderAwareRequestFilter, AnonymousAuthenticationFilter, ExceptionTranslationFilter, AuthorizationFilter
2025-06-24T14:29:00.467-03:00 DEBUG 27042 --- [libraryapi] [main] s.w.s.m.m.a.RequestMappingHandlerAdapter : ControllerAdvice beans: 0 @ModelAttribute, 0 @InitBinder, 1 RequestBodyAdvice, 1 ResponseBodyAdvice
2025-06-24T14:29:00.580-03:00 DEBUG 27042 --- [libraryapi] [main] .m.m.a.ExceptionHandlerExceptionResolver : ControllerAdvice beans: 1 @ExceptionHandler, 1 ResponseBodyAdvice
2025-06-24T14:29:09.518-03:00  INFO 27042 --- [libraryapi] [http-nio-8080-exec-2] o.s.web.servlet.DispatcherServlet        : Initializing Servlet 'dispatcherServlet'
2025-06-24T14:29:09.518-03:00 DEBUG 27042 --- [libraryapi] [http-nio-8080-exec-2] o.s.web.servlet.DispatcherServlet        : Detected StandardServletMultipartResolver
2025-06-24T14:29:09.518-03:00 DEBUG 27042 --- [libraryapi] [http-nio-8080-exec-2] o.s.web.servlet.DispatcherServlet        : Detected AcceptHeaderLocaleResolver
2025-06-24T14:29:09.519-03:00 DEBUG 27042 --- [libraryapi] [http-nio-8080-exec-2] o.s.web.servlet.DispatcherServlet        : Detected FixedThemeResolver
2025-06-24T14:29:09.520-03:00 DEBUG 27042 --- [libraryapi] [http-nio-8080-exec-2] o.s.web.servlet.DispatcherServlet        : Detected org.springframework.web.servlet.view.DefaultRequestToViewNameTranslator@c3acda3
2025-06-24T14:29:09.521-03:00 DEBUG 27042 --- [libraryapi] [http-nio-8080-exec-2] o.s.web.servlet.DispatcherServlet        : Detected org.springframework.web.servlet.support.SessionFlashMapManager@510579b9
2025-06-24T14:29:09.521-03:00 DEBUG 27042 --- [libraryapi] [http-nio-8080-exec-2] o.s.web.servlet.DispatcherServlet        : enableLoggingRequestDetails='false': request parameters and headers will be masked to prevent unsafe logging of potentially sensitive data
2025-06-24T14:29:09.521-03:00  INFO 27042 --- [libraryapi] [http-nio-8080-exec-2] o.s.web.servlet.DispatcherServlet        : Completed initialization in 3 ms
2025-06-24T14:29:09.544-03:00 TRACE 27042 --- [libraryapi] [http-nio-8080-exec-2] o.s.security.web.FilterChainProxy        : Trying to match request against DefaultSecurityFilterChain defined as 'securityFilterChain' in [class path resource [io/github/feeato/libraryapi/config/SecurityConfiguration.class]] matching [any request] and having filters [DisableEncodeUrl, WebAsyncManagerIntegration, SecurityContextHolder, HeaderWriter, Logout, OAuth2AuthorizationRequestRedirect, OAuth2LoginAuthentication, DefaultResources, DefaultLoginPageGenerating, DefaultLogoutPageGenerating, BasicAuthentication, RequestCacheAware, SecurityContextHolderAwareRequest, AnonymousAuthentication, ExceptionTranslation, Authorization] (1/1)
2025-06-24T14:29:09.545-03:00 DEBUG 27042 --- [libraryapi] [http-nio-8080-exec-2] o.s.security.web.FilterChainProxy        : Securing POST /autores
2025-06-24T14:29:09.547-03:00 TRACE 27042 --- [libraryapi] [http-nio-8080-exec-2] o.s.security.web.FilterChainProxy        : Invoking DisableEncodeUrlFilter (1/16)
2025-06-24T14:29:09.548-03:00 TRACE 27042 --- [libraryapi] [http-nio-8080-exec-2] o.s.security.web.FilterChainProxy        : Invoking WebAsyncManagerIntegrationFilter (2/16)
2025-06-24T14:29:09.551-03:00 TRACE 27042 --- [libraryapi] [http-nio-8080-exec-2] o.s.security.web.FilterChainProxy        : Invoking SecurityContextHolderFilter (3/16)
2025-06-24T14:29:09.555-03:00 TRACE 27042 --- [libraryapi] [http-nio-8080-exec-2] o.s.security.web.FilterChainProxy        : Invoking HeaderWriterFilter (4/16)
2025-06-24T14:29:09.558-03:00 TRACE 27042 --- [libraryapi] [http-nio-8080-exec-2] o.s.security.web.FilterChainProxy        : Invoking LogoutFilter (5/16)
2025-06-24T14:29:09.558-03:00 TRACE 27042 --- [libraryapi] [http-nio-8080-exec-2] o.s.s.w.a.logout.LogoutFilter            : Did not match request to Or [Ant [pattern='/logout', GET], Ant [pattern='/logout', POST], Ant [pattern='/logout', PUT], Ant [pattern='/logout', DELETE]]
2025-06-24T14:29:09.559-03:00 TRACE 27042 --- [libraryapi] [http-nio-8080-exec-2] o.s.security.web.FilterChainProxy        : Invoking OAuth2AuthorizationRequestRedirectFilter (6/16)
2025-06-24T14:29:09.559-03:00 TRACE 27042 --- [libraryapi] [http-nio-8080-exec-2] o.s.security.web.FilterChainProxy        : Invoking OAuth2LoginAuthenticationFilter (7/16)
2025-06-24T14:29:09.559-03:00 TRACE 27042 --- [libraryapi] [http-nio-8080-exec-2] .s.o.c.w.OAuth2LoginAuthenticationFilter : Did not match request to Ant [pattern='/login/oauth2/code/*']
2025-06-24T14:29:09.560-03:00 TRACE 27042 --- [libraryapi] [http-nio-8080-exec-2] o.s.security.web.FilterChainProxy        : Invoking DefaultResourcesFilter (8/16)
2025-06-24T14:29:09.560-03:00 TRACE 27042 --- [libraryapi] [http-nio-8080-exec-2] o.s.security.web.FilterChainProxy        : Invoking DefaultLoginPageGeneratingFilter (9/16)
2025-06-24T14:29:09.560-03:00 TRACE 27042 --- [libraryapi] [http-nio-8080-exec-2] o.s.security.web.FilterChainProxy        : Invoking DefaultLogoutPageGeneratingFilter (10/16)
2025-06-24T14:29:09.560-03:00 TRACE 27042 --- [libraryapi] [http-nio-8080-exec-2] .w.a.u.DefaultLogoutPageGeneratingFilter : Did not render default logout page since request did not match [Ant [pattern='/logout', GET]]
2025-06-24T14:29:09.560-03:00 TRACE 27042 --- [libraryapi] [http-nio-8080-exec-2] o.s.security.web.FilterChainProxy        : Invoking BasicAuthenticationFilter (11/16)
2025-06-24T14:29:09.562-03:00 TRACE 27042 --- [libraryapi] [http-nio-8080-exec-2] o.s.s.w.a.www.BasicAuthenticationFilter  : Found username 'admin' in Basic Authorization header
2025-06-24T14:29:09.563-03:00 TRACE 27042 --- [libraryapi] [http-nio-8080-exec-2] w.c.HttpSessionSecurityContextRepository : No HttpSession currently exists
2025-06-24T14:29:09.563-03:00 TRACE 27042 --- [libraryapi] [http-nio-8080-exec-2] .s.s.w.c.SupplierDeferredSecurityContext : Created SecurityContextImpl [Null authentication]
2025-06-24T14:29:09.563-03:00 TRACE 27042 --- [libraryapi] [http-nio-8080-exec-2] .s.s.w.c.SupplierDeferredSecurityContext : Created SecurityContextImpl [Null authentication]
2025-06-24T14:29:09.563-03:00 TRACE 27042 --- [libraryapi] [http-nio-8080-exec-2] o.s.s.authentication.ProviderManager     : Authenticating request with CustomAuthenticationProvider (1/1)
2025-06-24T14:29:09.826-03:00 DEBUG 27042 --- [libraryapi] [http-nio-8080-exec-2] o.s.s.w.a.www.BasicAuthenticationFilter  : Set SecurityContextHolder to io.github.feeato.libraryapi.security.CustomAuthentication@4a49cd70
2025-06-24T14:29:09.826-03:00 TRACE 27042 --- [libraryapi] [http-nio-8080-exec-2] o.s.security.web.FilterChainProxy        : Invoking RequestCacheAwareFilter (12/16)
2025-06-24T14:29:09.826-03:00 TRACE 27042 --- [libraryapi] [http-nio-8080-exec-2] o.s.s.w.s.HttpSessionRequestCache        : matchingRequestParameterName is required for getMatchingRequest to lookup a value, but not provided
2025-06-24T14:29:09.826-03:00 TRACE 27042 --- [libraryapi] [http-nio-8080-exec-2] o.s.security.web.FilterChainProxy        : Invoking SecurityContextHolderAwareRequestFilter (13/16)
2025-06-24T14:29:09.828-03:00 TRACE 27042 --- [libraryapi] [http-nio-8080-exec-2] o.s.security.web.FilterChainProxy        : Invoking AnonymousAuthenticationFilter (14/16)
2025-06-24T14:29:09.829-03:00 TRACE 27042 --- [libraryapi] [http-nio-8080-exec-2] o.s.security.web.FilterChainProxy        : Invoking ExceptionTranslationFilter (15/16)
2025-06-24T14:29:09.829-03:00 TRACE 27042 --- [libraryapi] [http-nio-8080-exec-2] o.s.security.web.FilterChainProxy        : Invoking AuthorizationFilter (16/16)
2025-06-24T14:29:09.830-03:00 TRACE 27042 --- [libraryapi] [http-nio-8080-exec-2] estMatcherDelegatingAuthorizationManager : Authorizing POST /autores
2025-06-24T14:29:09.832-03:00 TRACE 27042 --- [libraryapi] [http-nio-8080-exec-2] estMatcherDelegatingAuthorizationManager : Checking authorization on POST /autores using org.springframework.security.authorization.AuthenticatedAuthorizationManager@ff3b5b
2025-06-24T14:29:09.833-03:00 TRACE 27042 --- [libraryapi] [http-nio-8080-exec-2] o.s.s.w.a.AnonymousAuthenticationFilter  : Did not set SecurityContextHolder since already authenticated io.github.feeato.libraryapi.security.CustomAuthentication@4a49cd70
2025-06-24T14:29:09.834-03:00 DEBUG 27042 --- [libraryapi] [http-nio-8080-exec-2] o.s.security.web.FilterChainProxy        : Secured POST /autores
2025-06-24T14:29:09.840-03:00 DEBUG 27042 --- [libraryapi] [http-nio-8080-exec-2] o.s.web.servlet.DispatcherServlet        : POST "/libraryapi/autores", parameters={}
2025-06-24T14:29:09.843-03:00 DEBUG 27042 --- [libraryapi] [http-nio-8080-exec-2] s.w.s.m.m.a.RequestMappingHandlerMapping : Mapped to io.github.feeato.libraryapi.controller.AutoresController#cadastrarAutor(AutorDTO)
2025-06-24T14:29:09.956-03:00 DEBUG 27042 --- [libraryapi] [http-nio-8080-exec-2] m.m.a.RequestResponseBodyMethodProcessor : Read "application/json;charset=UTF-8" to [AutorDTO[id=null, nome=Maria Francisca Freitas, dataNascimento=2002-09-13, nacionalidade=brasileiro]]
2025-06-24T14:29:10.017-03:00 DEBUG 27042 --- [libraryapi] [http-nio-8080-exec-2] horizationManagerBeforeMethodInterceptor : Authorizing method invocation ReflectiveMethodInvocation: public org.springframework.http.ResponseEntity io.github.feeato.libraryapi.controller.AutoresController.cadastrarAutor(io.github.feeato.libraryapi.model.dto.AutorDTO); target is of class [io.github.feeato.libraryapi.controller.AutoresController]
2025-06-24T14:29:10.059-03:00 DEBUG 27042 --- [libraryapi] [http-nio-8080-exec-2] horizationManagerBeforeMethodInterceptor : Authorized method invocation ReflectiveMethodInvocation: public org.springframework.http.ResponseEntity io.github.feeato.libraryapi.controller.AutoresController.cadastrarAutor(io.github.feeato.libraryapi.model.dto.AutorDTO); target is of class [io.github.feeato.libraryapi.controller.AutoresController]
2025-06-24T14:29:10.059-03:00  INFO 27042 --- [libraryapi] [http-nio-8080-exec-2] i.g.f.l.controller.AutoresController     : Cadastrando Autor: AutorDTO[id=null, nome=Maria Francisca Freitas, dataNascimento=2002-09-13, nacionalidade=brasileiro]
2025-06-24T14:29:10.115-03:00 DEBUG 27042 --- [libraryapi] [http-nio-8080-exec-2] .m.m.a.ExceptionHandlerExceptionResolver : Using @ExceptionHandler io.github.feeato.libraryapi.controller.common.GlobalExceptionHandler#handleRegistroDuplicadoException(RegistroDuplicadoException)
2025-06-24T14:29:10.156-03:00 DEBUG 27042 --- [libraryapi] [http-nio-8080-exec-2] o.s.w.s.m.m.a.HttpEntityMethodProcessor  : Using 'application/json', given [*/*] and supported [application/json, application/*+json]
2025-06-24T14:29:10.160-03:00 DEBUG 27042 --- [libraryapi] [http-nio-8080-exec-2] o.s.w.s.m.m.a.HttpEntityMethodProcessor  : Writing [ErroResposta[status=409, mensagem=Autor já cadastrado, erros=[]]]
2025-06-24T14:29:10.182-03:00 TRACE 27042 --- [libraryapi] [http-nio-8080-exec-2] o.s.s.w.header.writers.HstsHeaderWriter  : Not injecting HSTS header since it did not match request to [Is Secure]
2025-06-24T14:29:10.185-03:00 DEBUG 27042 --- [libraryapi] [http-nio-8080-exec-2] .m.m.a.ExceptionHandlerExceptionResolver : Resolved [io.github.feeato.libraryapi.exceptions.RegistroDuplicadoException: Autor já cadastrado]
2025-06-24T14:29:10.187-03:00 DEBUG 27042 --- [libraryapi] [http-nio-8080-exec-2] o.s.web.servlet.DispatcherServlet        : Completed 409 CONFLICT
2025-06-24T14:30:31.867-03:00  WARN 27370 --- [libraryapi] [main] com.zaxxer.hikari.HikariConfig           : library-api-pool - idleTimeout is close to or more than maxLifetime, disabling it.
2025-06-24T14:30:34.743-03:00  WARN 27370 --- [libraryapi] [main] JpaBaseConfiguration$JpaWebConfiguration : spring.jpa.open-in-view is enabled by default. Therefore, database queries may be performed during view rendering. Explicitly configure spring.jpa.open-in-view to disable this warning
2025-06-24T14:30:34.774-03:00 TRACE 27370 --- [libraryapi] [main] eGlobalAuthenticationAutowiredConfigurer : Eagerly initializing {securityConfiguration=io.github.feeato.libraryapi.config.SecurityConfiguration$$SpringCGLIB$$0@738ae785}
2025-06-24T14:30:34.776-03:00  INFO 27370 --- [libraryapi] [main] eAuthenticationProviderManagerConfigurer : Global AuthenticationManager configured with AuthenticationProvider bean with name customAuthenticationProvider
2025-06-24T14:30:35.024-03:00 DEBUG 27370 --- [libraryapi] [main] s.w.s.m.m.a.RequestMappingHandlerMapping : 13 mappings in 'requestMappingHandlerMapping'
2025-06-24T14:30:35.180-03:00 DEBUG 27370 --- [libraryapi] [main] o.s.w.s.handler.SimpleUrlHandlerMapping  : Patterns [/webjars/**, /**] in 'resourceHandlerMapping'
2025-06-24T14:30:35.348-03:00 DEBUG 27370 --- [libraryapi] [main] o.s.s.web.DefaultSecurityFilterChain     : Will secure any request with filters: DisableEncodeUrlFilter, WebAsyncManagerIntegrationFilter, SecurityContextHolderFilter, HeaderWriterFilter, LogoutFilter, OAuth2AuthorizationRequestRedirectFilter, OAuth2LoginAuthenticationFilter, DefaultResourcesFilter, DefaultLoginPageGeneratingFilter, DefaultLogoutPageGeneratingFilter, BasicAuthenticationFilter, RequestCacheAwareFilter, SecurityContextHolderAwareRequestFilter, AnonymousAuthenticationFilter, ExceptionTranslationFilter, AuthorizationFilter
2025-06-24T14:30:35.522-03:00 DEBUG 27370 --- [libraryapi] [main] s.w.s.m.m.a.RequestMappingHandlerAdapter : ControllerAdvice beans: 0 @ModelAttribute, 0 @InitBinder, 1 RequestBodyAdvice, 1 ResponseBodyAdvice
2025-06-24T14:30:35.656-03:00 DEBUG 27370 --- [libraryapi] [main] .m.m.a.ExceptionHandlerExceptionResolver : ControllerAdvice beans: 1 @ExceptionHandler, 1 ResponseBodyAdvice
2025-06-24T14:30:41.539-03:00  INFO 27370 --- [libraryapi] [http-nio-8080-exec-1] o.s.web.servlet.DispatcherServlet        : Initializing Servlet 'dispatcherServlet'
2025-06-24T14:30:41.540-03:00 DEBUG 27370 --- [libraryapi] [http-nio-8080-exec-1] o.s.web.servlet.DispatcherServlet        : Detected StandardServletMultipartResolver
2025-06-24T14:30:41.540-03:00 DEBUG 27370 --- [libraryapi] [http-nio-8080-exec-1] o.s.web.servlet.DispatcherServlet        : Detected AcceptHeaderLocaleResolver
2025-06-24T14:30:41.540-03:00 DEBUG 27370 --- [libraryapi] [http-nio-8080-exec-1] o.s.web.servlet.DispatcherServlet        : Detected FixedThemeResolver
2025-06-24T14:30:41.541-03:00 DEBUG 27370 --- [libraryapi] [http-nio-8080-exec-1] o.s.web.servlet.DispatcherServlet        : Detected org.springframework.web.servlet.view.DefaultRequestToViewNameTranslator@39c8101c
2025-06-24T14:30:41.542-03:00 DEBUG 27370 --- [libraryapi] [http-nio-8080-exec-1] o.s.web.servlet.DispatcherServlet        : Detected org.springframework.web.servlet.support.SessionFlashMapManager@5cffd11d
2025-06-24T14:30:41.542-03:00 DEBUG 27370 --- [libraryapi] [http-nio-8080-exec-1] o.s.web.servlet.DispatcherServlet        : enableLoggingRequestDetails='false': request parameters and headers will be masked to prevent unsafe logging of potentially sensitive data
2025-06-24T14:30:41.542-03:00  INFO 27370 --- [libraryapi] [http-nio-8080-exec-1] o.s.web.servlet.DispatcherServlet        : Completed initialization in 3 ms
2025-06-24T14:30:41.560-03:00 TRACE 27370 --- [libraryapi] [http-nio-8080-exec-1] o.s.security.web.FilterChainProxy        : Trying to match request against DefaultSecurityFilterChain defined as 'securityFilterChain' in [class path resource [io/github/feeato/libraryapi/config/SecurityConfiguration.class]] matching [any request] and having filters [DisableEncodeUrl, WebAsyncManagerIntegration, SecurityContextHolder, HeaderWriter, Logout, OAuth2AuthorizationRequestRedirect, OAuth2LoginAuthentication, DefaultResources, DefaultLoginPageGenerating, DefaultLogoutPageGenerating, BasicAuthentication, RequestCacheAware, SecurityContextHolderAwareRequest, AnonymousAuthentication, ExceptionTranslation, Authorization] (1/1)
2025-06-24T14:30:41.561-03:00 DEBUG 27370 --- [libraryapi] [http-nio-8080-exec-1] o.s.security.web.FilterChainProxy        : Securing POST /autores
2025-06-24T14:30:41.562-03:00 TRACE 27370 --- [libraryapi] [http-nio-8080-exec-1] o.s.security.web.FilterChainProxy        : Invoking DisableEncodeUrlFilter (1/16)
2025-06-24T14:30:41.563-03:00 TRACE 27370 --- [libraryapi] [http-nio-8080-exec-1] o.s.security.web.FilterChainProxy        : Invoking WebAsyncManagerIntegrationFilter (2/16)
2025-06-24T14:30:41.566-03:00 TRACE 27370 --- [libraryapi] [http-nio-8080-exec-1] o.s.security.web.FilterChainProxy        : Invoking SecurityContextHolderFilter (3/16)
2025-06-24T14:30:41.567-03:00 TRACE 27370 --- [libraryapi] [http-nio-8080-exec-1] o.s.security.web.FilterChainProxy        : Invoking HeaderWriterFilter (4/16)
2025-06-24T14:30:41.569-03:00 TRACE 27370 --- [libraryapi] [http-nio-8080-exec-1] o.s.security.web.FilterChainProxy        : Invoking LogoutFilter (5/16)
2025-06-24T14:30:41.569-03:00 TRACE 27370 --- [libraryapi] [http-nio-8080-exec-1] o.s.s.w.a.logout.LogoutFilter            : Did not match request to Or [Ant [pattern='/logout', GET], Ant [pattern='/logout', POST], Ant [pattern='/logout', PUT], Ant [pattern='/logout', DELETE]]
2025-06-24T14:30:41.570-03:00 TRACE 27370 --- [libraryapi] [http-nio-8080-exec-1] o.s.security.web.FilterChainProxy        : Invoking OAuth2AuthorizationRequestRedirectFilter (6/16)
2025-06-24T14:30:41.570-03:00 TRACE 27370 --- [libraryapi] [http-nio-8080-exec-1] o.s.security.web.FilterChainProxy        : Invoking OAuth2LoginAuthenticationFilter (7/16)
2025-06-24T14:30:41.571-03:00 TRACE 27370 --- [libraryapi] [http-nio-8080-exec-1] .s.o.c.w.OAuth2LoginAuthenticationFilter : Did not match request to Ant [pattern='/login/oauth2/code/*']
2025-06-24T14:30:41.571-03:00 TRACE 27370 --- [libraryapi] [http-nio-8080-exec-1] o.s.security.web.FilterChainProxy        : Invoking DefaultResourcesFilter (8/16)
2025-06-24T14:30:41.571-03:00 TRACE 27370 --- [libraryapi] [http-nio-8080-exec-1] o.s.security.web.FilterChainProxy        : Invoking DefaultLoginPageGeneratingFilter (9/16)
2025-06-24T14:30:41.571-03:00 TRACE 27370 --- [libraryapi] [http-nio-8080-exec-1] o.s.security.web.FilterChainProxy        : Invoking DefaultLogoutPageGeneratingFilter (10/16)
2025-06-24T14:30:41.571-03:00 TRACE 27370 --- [libraryapi] [http-nio-8080-exec-1] .w.a.u.DefaultLogoutPageGeneratingFilter : Did not render default logout page since request did not match [Ant [pattern='/logout', GET]]
2025-06-24T14:30:41.572-03:00 TRACE 27370 --- [libraryapi] [http-nio-8080-exec-1] o.s.security.web.FilterChainProxy        : Invoking BasicAuthenticationFilter (11/16)
2025-06-24T14:30:41.574-03:00 TRACE 27370 --- [libraryapi] [http-nio-8080-exec-1] o.s.s.w.a.www.BasicAuthenticationFilter  : Found username 'admin' in Basic Authorization header
2025-06-24T14:30:41.574-03:00 TRACE 27370 --- [libraryapi] [http-nio-8080-exec-1] w.c.HttpSessionSecurityContextRepository : No HttpSession currently exists
2025-06-24T14:30:41.574-03:00 TRACE 27370 --- [libraryapi] [http-nio-8080-exec-1] .s.s.w.c.SupplierDeferredSecurityContext : Created SecurityContextImpl [Null authentication]
2025-06-24T14:30:41.574-03:00 TRACE 27370 --- [libraryapi] [http-nio-8080-exec-1] .s.s.w.c.SupplierDeferredSecurityContext : Created SecurityContextImpl [Null authentication]
2025-06-24T14:30:41.574-03:00 TRACE 27370 --- [libraryapi] [http-nio-8080-exec-1] o.s.s.authentication.ProviderManager     : Authenticating request with CustomAuthenticationProvider (1/1)
2025-06-24T14:30:41.812-03:00 DEBUG 27370 --- [libraryapi] [http-nio-8080-exec-1] o.s.s.w.a.www.BasicAuthenticationFilter  : Set SecurityContextHolder to io.github.feeato.libraryapi.security.CustomAuthentication@a59f6b8
2025-06-24T14:30:41.813-03:00 TRACE 27370 --- [libraryapi] [http-nio-8080-exec-1] o.s.security.web.FilterChainProxy        : Invoking RequestCacheAwareFilter (12/16)
2025-06-24T14:30:41.813-03:00 TRACE 27370 --- [libraryapi] [http-nio-8080-exec-1] o.s.s.w.s.HttpSessionRequestCache        : matchingRequestParameterName is required for getMatchingRequest to lookup a value, but not provided
2025-06-24T14:30:41.813-03:00 TRACE 27370 --- [libraryapi] [http-nio-8080-exec-1] o.s.security.web.FilterChainProxy        : Invoking SecurityContextHolderAwareRequestFilter (13/16)
2025-06-24T14:30:41.815-03:00 TRACE 27370 --- [libraryapi] [http-nio-8080-exec-1] o.s.security.web.FilterChainProxy        : Invoking AnonymousAuthenticationFilter (14/16)
2025-06-24T14:30:41.824-03:00 TRACE 27370 --- [libraryapi] [http-nio-8080-exec-1] o.s.security.web.FilterChainProxy        : Invoking ExceptionTranslationFilter (15/16)
2025-06-24T14:30:41.825-03:00 TRACE 27370 --- [libraryapi] [http-nio-8080-exec-1] o.s.security.web.FilterChainProxy        : Invoking AuthorizationFilter (16/16)
2025-06-24T14:30:41.827-03:00 TRACE 27370 --- [libraryapi] [http-nio-8080-exec-1] estMatcherDelegatingAuthorizationManager : Authorizing POST /autores
2025-06-24T14:30:41.829-03:00 TRACE 27370 --- [libraryapi] [http-nio-8080-exec-1] estMatcherDelegatingAuthorizationManager : Checking authorization on POST /autores using org.springframework.security.authorization.AuthenticatedAuthorizationManager@43373d00
2025-06-24T14:30:41.830-03:00 TRACE 27370 --- [libraryapi] [http-nio-8080-exec-1] o.s.s.w.a.AnonymousAuthenticationFilter  : Did not set SecurityContextHolder since already authenticated io.github.feeato.libraryapi.security.CustomAuthentication@a59f6b8
2025-06-24T14:30:41.832-03:00 DEBUG 27370 --- [libraryapi] [http-nio-8080-exec-1] o.s.security.web.FilterChainProxy        : Secured POST /autores
2025-06-24T14:30:41.837-03:00 DEBUG 27370 --- [libraryapi] [http-nio-8080-exec-1] o.s.web.servlet.DispatcherServlet        : POST "/libraryapi/autores", parameters={}
2025-06-24T14:30:41.843-03:00 DEBUG 27370 --- [libraryapi] [http-nio-8080-exec-1] s.w.s.m.m.a.RequestMappingHandlerMapping : Mapped to io.github.feeato.libraryapi.controller.AutoresController#cadastrarAutor(AutorDTO)
2025-06-24T14:30:41.968-03:00 DEBUG 27370 --- [libraryapi] [http-nio-8080-exec-1] m.m.a.RequestResponseBodyMethodProcessor : Read "application/json;charset=UTF-8" to [AutorDTO[id=null, nome=Maria Francisca Freitas, dataNascimento=2002-09-13, nacionalidade=brasileiro]]
2025-06-24T14:30:42.019-03:00 DEBUG 27370 --- [libraryapi] [http-nio-8080-exec-1] horizationManagerBeforeMethodInterceptor : Authorizing method invocation ReflectiveMethodInvocation: public org.springframework.http.ResponseEntity io.github.feeato.libraryapi.controller.AutoresController.cadastrarAutor(io.github.feeato.libraryapi.model.dto.AutorDTO); target is of class [io.github.feeato.libraryapi.controller.AutoresController]
2025-06-24T14:30:42.060-03:00 DEBUG 27370 --- [libraryapi] [http-nio-8080-exec-1] horizationManagerBeforeMethodInterceptor : Authorized method invocation ReflectiveMethodInvocation: public org.springframework.http.ResponseEntity io.github.feeato.libraryapi.controller.AutoresController.cadastrarAutor(io.github.feeato.libraryapi.model.dto.AutorDTO); target is of class [io.github.feeato.libraryapi.controller.AutoresController]
2025-06-24T14:30:42.060-03:00  INFO 27370 --- [libraryapi] [http-nio-8080-exec-1] i.g.f.l.controller.AutoresController     : Cadastrando Autor: AutorDTO[id=null, nome=Maria Francisca Freitas, dataNascimento=2002-09-13, nacionalidade=brasileiro] com nome: Maria Francisca Freitas
2025-06-24T14:30:42.108-03:00 DEBUG 27370 --- [libraryapi] [http-nio-8080-exec-1] .m.m.a.ExceptionHandlerExceptionResolver : Using @ExceptionHandler io.github.feeato.libraryapi.controller.common.GlobalExceptionHandler#handleRegistroDuplicadoException(RegistroDuplicadoException)
2025-06-24T14:30:42.138-03:00 DEBUG 27370 --- [libraryapi] [http-nio-8080-exec-1] o.s.w.s.m.m.a.HttpEntityMethodProcessor  : Using 'application/json', given [*/*] and supported [application/json, application/*+json]
2025-06-24T14:30:42.142-03:00 DEBUG 27370 --- [libraryapi] [http-nio-8080-exec-1] o.s.w.s.m.m.a.HttpEntityMethodProcessor  : Writing [ErroResposta[status=409, mensagem=Autor já cadastrado, erros=[]]]
2025-06-24T14:30:42.156-03:00 TRACE 27370 --- [libraryapi] [http-nio-8080-exec-1] o.s.s.w.header.writers.HstsHeaderWriter  : Not injecting HSTS header since it did not match request to [Is Secure]
2025-06-24T14:30:42.160-03:00 DEBUG 27370 --- [libraryapi] [http-nio-8080-exec-1] .m.m.a.ExceptionHandlerExceptionResolver : Resolved [io.github.feeato.libraryapi.exceptions.RegistroDuplicadoException: Autor já cadastrado]
2025-06-24T14:30:42.161-03:00 DEBUG 27370 --- [libraryapi] [http-nio-8080-exec-1] o.s.web.servlet.DispatcherServlet        : Completed 409 CONFLICT
2025-06-24T14:32:27.121-03:00  WARN 27824 --- [libraryapi] [main] com.zaxxer.hikari.HikariConfig           : library-api-pool - idleTimeout is close to or more than maxLifetime, disabling it.
2025-06-24T14:32:30.051-03:00  WARN 27824 --- [libraryapi] [main] JpaBaseConfiguration$JpaWebConfiguration : spring.jpa.open-in-view is enabled by default. Therefore, database queries may be performed during view rendering. Explicitly configure spring.jpa.open-in-view to disable this warning
2025-06-24T14:32:30.083-03:00 TRACE 27824 --- [libraryapi] [main] eGlobalAuthenticationAutowiredConfigurer : Eagerly initializing {securityConfiguration=io.github.feeato.libraryapi.config.SecurityConfiguration$$SpringCGLIB$$0@4010f232}
2025-06-24T14:32:30.085-03:00  INFO 27824 --- [libraryapi] [main] eAuthenticationProviderManagerConfigurer : Global AuthenticationManager configured with AuthenticationProvider bean with name customAuthenticationProvider
2025-06-24T14:32:30.261-03:00 DEBUG 27824 --- [libraryapi] [main] s.w.s.m.m.a.RequestMappingHandlerMapping : 13 mappings in 'requestMappingHandlerMapping'
2025-06-24T14:32:30.451-03:00 DEBUG 27824 --- [libraryapi] [main] o.s.w.s.handler.SimpleUrlHandlerMapping  : Patterns [/webjars/**, /**] in 'resourceHandlerMapping'
2025-06-24T14:32:30.632-03:00 DEBUG 27824 --- [libraryapi] [main] o.s.s.web.DefaultSecurityFilterChain     : Will secure any request with filters: DisableEncodeUrlFilter, WebAsyncManagerIntegrationFilter, SecurityContextHolderFilter, HeaderWriterFilter, LogoutFilter, OAuth2AuthorizationRequestRedirectFilter, OAuth2LoginAuthenticationFilter, DefaultResourcesFilter, DefaultLoginPageGeneratingFilter, DefaultLogoutPageGeneratingFilter, BasicAuthenticationFilter, RequestCacheAwareFilter, SecurityContextHolderAwareRequestFilter, AnonymousAuthenticationFilter, ExceptionTranslationFilter, AuthorizationFilter
2025-06-24T14:32:30.819-03:00 DEBUG 27824 --- [libraryapi] [main] s.w.s.m.m.a.RequestMappingHandlerAdapter : ControllerAdvice beans: 0 @ModelAttribute, 0 @InitBinder, 1 RequestBodyAdvice, 1 ResponseBodyAdvice
2025-06-24T14:32:30.954-03:00 DEBUG 27824 --- [libraryapi] [main] .m.m.a.ExceptionHandlerExceptionResolver : ControllerAdvice beans: 1 @ExceptionHandler, 1 ResponseBodyAdvice
2025-06-24T14:33:26.150-03:00  WARN 28426 --- [libraryapi] [main] com.zaxxer.hikari.HikariConfig           : library-api-pool - idleTimeout is close to or more than maxLifetime, disabling it.
2025-06-24T14:33:28.804-03:00  WARN 28426 --- [libraryapi] [main] JpaBaseConfiguration$JpaWebConfiguration : spring.jpa.open-in-view is enabled by default. Therefore, database queries may be performed during view rendering. Explicitly configure spring.jpa.open-in-view to disable this warning
2025-06-24T14:33:28.830-03:00 TRACE 28426 --- [libraryapi] [main] eGlobalAuthenticationAutowiredConfigurer : Eagerly initializing {securityConfiguration=io.github.feeato.libraryapi.config.SecurityConfiguration$$SpringCGLIB$$0@45f4c27c}
2025-06-24T14:33:28.831-03:00  INFO 28426 --- [libraryapi] [main] eAuthenticationProviderManagerConfigurer : Global AuthenticationManager configured with AuthenticationProvider bean with name customAuthenticationProvider
2025-06-24T14:33:29.005-03:00 DEBUG 28426 --- [libraryapi] [main] s.w.s.m.m.a.RequestMappingHandlerMapping : 13 mappings in 'requestMappingHandlerMapping'
2025-06-24T14:33:29.170-03:00 DEBUG 28426 --- [libraryapi] [main] o.s.w.s.handler.SimpleUrlHandlerMapping  : Patterns [/webjars/**, /**] in 'resourceHandlerMapping'
2025-06-24T14:33:29.303-03:00 DEBUG 28426 --- [libraryapi] [main] o.s.s.web.DefaultSecurityFilterChain     : Will secure any request with filters: DisableEncodeUrlFilter, WebAsyncManagerIntegrationFilter, SecurityContextHolderFilter, HeaderWriterFilter, LogoutFilter, OAuth2AuthorizationRequestRedirectFilter, OAuth2LoginAuthenticationFilter, DefaultResourcesFilter, DefaultLoginPageGeneratingFilter, DefaultLogoutPageGeneratingFilter, BasicAuthenticationFilter, RequestCacheAwareFilter, SecurityContextHolderAwareRequestFilter, AnonymousAuthenticationFilter, ExceptionTranslationFilter, AuthorizationFilter
2025-06-24T14:33:29.452-03:00 DEBUG 28426 --- [libraryapi] [main] s.w.s.m.m.a.RequestMappingHandlerAdapter : ControllerAdvice beans: 0 @ModelAttribute, 0 @InitBinder, 1 RequestBodyAdvice, 1 ResponseBodyAdvice
2025-06-24T14:33:29.549-03:00 DEBUG 28426 --- [libraryapi] [main] .m.m.a.ExceptionHandlerExceptionResolver : ControllerAdvice beans: 1 @ExceptionHandler, 1 ResponseBodyAdvice
2025-06-24T14:33:35.545-03:00  INFO 28426 --- [libraryapi] [http-nio-8080-exec-2] o.s.web.servlet.DispatcherServlet        : Initializing Servlet 'dispatcherServlet'
2025-06-24T14:33:35.545-03:00 DEBUG 28426 --- [libraryapi] [http-nio-8080-exec-2] o.s.web.servlet.DispatcherServlet        : Detected StandardServletMultipartResolver
2025-06-24T14:33:35.546-03:00 DEBUG 28426 --- [libraryapi] [http-nio-8080-exec-2] o.s.web.servlet.DispatcherServlet        : Detected AcceptHeaderLocaleResolver
2025-06-24T14:33:35.546-03:00 DEBUG 28426 --- [libraryapi] [http-nio-8080-exec-2] o.s.web.servlet.DispatcherServlet        : Detected FixedThemeResolver
2025-06-24T14:33:35.547-03:00 DEBUG 28426 --- [libraryapi] [http-nio-8080-exec-2] o.s.web.servlet.DispatcherServlet        : Detected org.springframework.web.servlet.view.DefaultRequestToViewNameTranslator@5eea8854
2025-06-24T14:33:35.547-03:00 DEBUG 28426 --- [libraryapi] [http-nio-8080-exec-2] o.s.web.servlet.DispatcherServlet        : Detected org.springframework.web.servlet.support.SessionFlashMapManager@22d522d4
2025-06-24T14:33:35.547-03:00 DEBUG 28426 --- [libraryapi] [http-nio-8080-exec-2] o.s.web.servlet.DispatcherServlet        : enableLoggingRequestDetails='false': request parameters and headers will be masked to prevent unsafe logging of potentially sensitive data
2025-06-24T14:33:35.547-03:00  INFO 28426 --- [libraryapi] [http-nio-8080-exec-2] o.s.web.servlet.DispatcherServlet        : Completed initialization in 2 ms
2025-06-24T14:33:35.563-03:00 TRACE 28426 --- [libraryapi] [http-nio-8080-exec-2] o.s.security.web.FilterChainProxy        : Trying to match request against DefaultSecurityFilterChain defined as 'securityFilterChain' in [class path resource [io/github/feeato/libraryapi/config/SecurityConfiguration.class]] matching [any request] and having filters [DisableEncodeUrl, WebAsyncManagerIntegration, SecurityContextHolder, HeaderWriter, Logout, OAuth2AuthorizationRequestRedirect, OAuth2LoginAuthentication, DefaultResources, DefaultLoginPageGenerating, DefaultLogoutPageGenerating, BasicAuthentication, RequestCacheAware, SecurityContextHolderAwareRequest, AnonymousAuthentication, ExceptionTranslation, Authorization] (1/1)
2025-06-24T14:33:35.564-03:00 DEBUG 28426 --- [libraryapi] [http-nio-8080-exec-2] o.s.security.web.FilterChainProxy        : Securing POST /autores
2025-06-24T14:33:35.565-03:00 TRACE 28426 --- [libraryapi] [http-nio-8080-exec-2] o.s.security.web.FilterChainProxy        : Invoking DisableEncodeUrlFilter (1/16)
2025-06-24T14:33:35.565-03:00 TRACE 28426 --- [libraryapi] [http-nio-8080-exec-2] o.s.security.web.FilterChainProxy        : Invoking WebAsyncManagerIntegrationFilter (2/16)
2025-06-24T14:33:35.567-03:00 TRACE 28426 --- [libraryapi] [http-nio-8080-exec-2] o.s.security.web.FilterChainProxy        : Invoking SecurityContextHolderFilter (3/16)
2025-06-24T14:33:35.569-03:00 TRACE 28426 --- [libraryapi] [http-nio-8080-exec-2] o.s.security.web.FilterChainProxy        : Invoking HeaderWriterFilter (4/16)
2025-06-24T14:33:35.570-03:00 TRACE 28426 --- [libraryapi] [http-nio-8080-exec-2] o.s.security.web.FilterChainProxy        : Invoking LogoutFilter (5/16)
2025-06-24T14:33:35.571-03:00 TRACE 28426 --- [libraryapi] [http-nio-8080-exec-2] o.s.s.w.a.logout.LogoutFilter            : Did not match request to Or [Ant [pattern='/logout', GET], Ant [pattern='/logout', POST], Ant [pattern='/logout', PUT], Ant [pattern='/logout', DELETE]]
2025-06-24T14:33:35.571-03:00 TRACE 28426 --- [libraryapi] [http-nio-8080-exec-2] o.s.security.web.FilterChainProxy        : Invoking OAuth2AuthorizationRequestRedirectFilter (6/16)
2025-06-24T14:33:35.571-03:00 TRACE 28426 --- [libraryapi] [http-nio-8080-exec-2] o.s.security.web.FilterChainProxy        : Invoking OAuth2LoginAuthenticationFilter (7/16)
2025-06-24T14:33:35.572-03:00 TRACE 28426 --- [libraryapi] [http-nio-8080-exec-2] .s.o.c.w.OAuth2LoginAuthenticationFilter : Did not match request to Ant [pattern='/login/oauth2/code/*']
2025-06-24T14:33:35.572-03:00 TRACE 28426 --- [libraryapi] [http-nio-8080-exec-2] o.s.security.web.FilterChainProxy        : Invoking DefaultResourcesFilter (8/16)
2025-06-24T14:33:35.572-03:00 TRACE 28426 --- [libraryapi] [http-nio-8080-exec-2] o.s.security.web.FilterChainProxy        : Invoking DefaultLoginPageGeneratingFilter (9/16)
2025-06-24T14:33:35.572-03:00 TRACE 28426 --- [libraryapi] [http-nio-8080-exec-2] o.s.security.web.FilterChainProxy        : Invoking DefaultLogoutPageGeneratingFilter (10/16)
2025-06-24T14:33:35.572-03:00 TRACE 28426 --- [libraryapi] [http-nio-8080-exec-2] .w.a.u.DefaultLogoutPageGeneratingFilter : Did not render default logout page since request did not match [Ant [pattern='/logout', GET]]
2025-06-24T14:33:35.572-03:00 TRACE 28426 --- [libraryapi] [http-nio-8080-exec-2] o.s.security.web.FilterChainProxy        : Invoking BasicAuthenticationFilter (11/16)
2025-06-24T14:33:35.574-03:00 TRACE 28426 --- [libraryapi] [http-nio-8080-exec-2] o.s.s.w.a.www.BasicAuthenticationFilter  : Found username 'admin' in Basic Authorization header
2025-06-24T14:33:35.574-03:00 TRACE 28426 --- [libraryapi] [http-nio-8080-exec-2] w.c.HttpSessionSecurityContextRepository : No HttpSession currently exists
2025-06-24T14:33:35.574-03:00 TRACE 28426 --- [libraryapi] [http-nio-8080-exec-2] .s.s.w.c.SupplierDeferredSecurityContext : Created SecurityContextImpl [Null authentication]
2025-06-24T14:33:35.574-03:00 TRACE 28426 --- [libraryapi] [http-nio-8080-exec-2] .s.s.w.c.SupplierDeferredSecurityContext : Created SecurityContextImpl [Null authentication]
2025-06-24T14:33:35.574-03:00 TRACE 28426 --- [libraryapi] [http-nio-8080-exec-2] o.s.s.authentication.ProviderManager     : Authenticating request with CustomAuthenticationProvider (1/1)
2025-06-24T14:33:35.767-03:00 DEBUG 28426 --- [libraryapi] [http-nio-8080-exec-2] o.s.s.w.a.www.BasicAuthenticationFilter  : Set SecurityContextHolder to io.github.feeato.libraryapi.security.CustomAuthentication@d752aa
2025-06-24T14:33:35.768-03:00 TRACE 28426 --- [libraryapi] [http-nio-8080-exec-2] o.s.security.web.FilterChainProxy        : Invoking RequestCacheAwareFilter (12/16)
2025-06-24T14:33:35.768-03:00 TRACE 28426 --- [libraryapi] [http-nio-8080-exec-2] o.s.s.w.s.HttpSessionRequestCache        : matchingRequestParameterName is required for getMatchingRequest to lookup a value, but not provided
2025-06-24T14:33:35.768-03:00 TRACE 28426 --- [libraryapi] [http-nio-8080-exec-2] o.s.security.web.FilterChainProxy        : Invoking SecurityContextHolderAwareRequestFilter (13/16)
2025-06-24T14:33:35.770-03:00 TRACE 28426 --- [libraryapi] [http-nio-8080-exec-2] o.s.security.web.FilterChainProxy        : Invoking AnonymousAuthenticationFilter (14/16)
2025-06-24T14:33:35.771-03:00 TRACE 28426 --- [libraryapi] [http-nio-8080-exec-2] o.s.security.web.FilterChainProxy        : Invoking ExceptionTranslationFilter (15/16)
2025-06-24T14:33:35.771-03:00 TRACE 28426 --- [libraryapi] [http-nio-8080-exec-2] o.s.security.web.FilterChainProxy        : Invoking AuthorizationFilter (16/16)
2025-06-24T14:33:35.773-03:00 TRACE 28426 --- [libraryapi] [http-nio-8080-exec-2] estMatcherDelegatingAuthorizationManager : Authorizing POST /autores
2025-06-24T14:33:35.774-03:00 TRACE 28426 --- [libraryapi] [http-nio-8080-exec-2] estMatcherDelegatingAuthorizationManager : Checking authorization on POST /autores using org.springframework.security.authorization.AuthenticatedAuthorizationManager@7998d38e
2025-06-24T14:33:35.775-03:00 TRACE 28426 --- [libraryapi] [http-nio-8080-exec-2] o.s.s.w.a.AnonymousAuthenticationFilter  : Did not set SecurityContextHolder since already authenticated io.github.feeato.libraryapi.security.CustomAuthentication@d752aa
2025-06-24T14:33:35.776-03:00 DEBUG 28426 --- [libraryapi] [http-nio-8080-exec-2] o.s.security.web.FilterChainProxy        : Secured POST /autores
2025-06-24T14:33:35.780-03:00 DEBUG 28426 --- [libraryapi] [http-nio-8080-exec-2] o.s.web.servlet.DispatcherServlet        : POST "/libraryapi/autores", parameters={}
2025-06-24T14:33:35.782-03:00 DEBUG 28426 --- [libraryapi] [http-nio-8080-exec-2] s.w.s.m.m.a.RequestMappingHandlerMapping : Mapped to io.github.feeato.libraryapi.controller.AutoresController#cadastrarAutor(AutorDTO)
2025-06-24T14:33:35.884-03:00 DEBUG 28426 --- [libraryapi] [http-nio-8080-exec-2] m.m.a.RequestResponseBodyMethodProcessor : Read "application/json;charset=UTF-8" to [AutorDTO[id=null, nome=Maria Francisca Freitas, dataNascimento=2002-09-13, nacionalidade=brasileiro]]
2025-06-24T14:33:35.924-03:00 DEBUG 28426 --- [libraryapi] [http-nio-8080-exec-2] horizationManagerBeforeMethodInterceptor : Authorizing method invocation ReflectiveMethodInvocation: public org.springframework.http.ResponseEntity io.github.feeato.libraryapi.controller.AutoresController.cadastrarAutor(io.github.feeato.libraryapi.model.dto.AutorDTO); target is of class [io.github.feeato.libraryapi.controller.AutoresController]
2025-06-24T14:33:35.946-03:00 DEBUG 28426 --- [libraryapi] [http-nio-8080-exec-2] horizationManagerBeforeMethodInterceptor : Authorized method invocation ReflectiveMethodInvocation: public org.springframework.http.ResponseEntity io.github.feeato.libraryapi.controller.AutoresController.cadastrarAutor(io.github.feeato.libraryapi.model.dto.AutorDTO); target is of class [io.github.feeato.libraryapi.controller.AutoresController]
2025-06-24T14:33:35.947-03:00  INFO 28426 --- [libraryapi] [http-nio-8080-exec-2] i.g.f.l.controller.AutoresController     : Cadastrando Autor: AutorDTO[id=null, nome=Maria Francisca Freitas, dataNascimento=2002-09-13, nacionalidade=brasileiro] com nome: Maria Francisca Freitas
2025-06-24T14:33:35.949-03:00 DEBUG 28426 --- [libraryapi] [http-nio-8080-exec-2] .m.m.a.ExceptionHandlerExceptionResolver : Using @ExceptionHandler io.github.feeato.libraryapi.controller.common.GlobalExceptionHandler#handleException(Exception)
2025-06-24T14:33:35.949-03:00 ERROR 28426 --- [libraryapi] [http-nio-8080-exec-2] i.g.f.l.c.common.GlobalExceptionHandler  : Erro inesperado: java.lang.NullPointerException: Erro de proprósito
2025-06-24T14:33:35.965-03:00 DEBUG 28426 --- [libraryapi] [http-nio-8080-exec-2] o.s.w.s.m.m.a.HttpEntityMethodProcessor  : Using 'application/json', given [*/*] and supported [application/json, application/*+json]
2025-06-24T14:33:35.968-03:00 DEBUG 28426 --- [libraryapi] [http-nio-8080-exec-2] o.s.w.s.m.m.a.HttpEntityMethodProcessor  : Writing [ErroResposta[status=400, mensagem=Erro de proprósito, erros=[]]]
2025-06-24T14:33:35.985-03:00 TRACE 28426 --- [libraryapi] [http-nio-8080-exec-2] o.s.s.w.header.writers.HstsHeaderWriter  : Not injecting HSTS header since it did not match request to [Is Secure]
2025-06-24T14:33:35.988-03:00 DEBUG 28426 --- [libraryapi] [http-nio-8080-exec-2] .m.m.a.ExceptionHandlerExceptionResolver : Resolved [java.lang.NullPointerException: Erro de proprósito]
2025-06-24T14:33:35.989-03:00 DEBUG 28426 --- [libraryapi] [http-nio-8080-exec-2] o.s.web.servlet.DispatcherServlet        : Completed 400 BAD_REQUEST
